
> cv-optimizer@0.1.0 dev
> next dev

 ⚠ Port 3000 is in use by process 24236, using available port 3001 instead.
 ⚠ Warning: Next.js inferred your workspace root, but it may not be correct.
 We detected multiple lockfiles and selected the directory of /Users/raufaliyev/package-lock.json as the root directory.
 To silence this warning, set `turbopack.root` in your Next.js config, or consider removing one of the lockfiles if it's not needed.
   See https://nextjs.org/docs/app/api-reference/config/next-config-js/turbopack#root-directory for more information.
 Detected additional lockfiles: 
   * /Users/raufaliyev/IdeaProjects/devbuddy/devbuddy-frontend/pnpm-lock.yaml

   ▲ Next.js 16.0.3 (Turbopack)
   - Local:         http://localhost:3001
   - Network:       http://192.168.31.177:3001
   - Environments: .env.local

 ✓ Starting...
 ⚠ The "middleware" file convention is deprecated. Please use "proxy" instead. Learn more: https://nextjs.org/docs/messages/middleware-to-proxy
 ✓ Ready in 2.3s
 ⨯ Error: Invalid supabaseUrl: Must be a valid HTTP or HTTPS URL.
    at updateSession (IdeaProjects/devbuddy/devbuddy-frontend/src/lib/supabase/middleware.ts:9:38)
    at middleware (IdeaProjects/devbuddy/devbuddy-frontend/src/middleware.ts:5:29)
   7 |   })
   8 |
>  9 |   const supabase = createServerClient(
     |                                      ^
  10 |     process.env.NEXT_PUBLIC_SUPABASE_URL!,
  11 |     process.env.NEXT_PUBLIC_SUPABASE_ANON_KEY!,
  12 |     {
[?25h
