
> cv-optimizer@0.1.0 dev
> next dev

 ⚠ Warning: Next.js inferred your workspace root, but it may not be correct.
 We detected multiple lockfiles and selected the directory of /Users/raufaliyev/package-lock.json as the root directory.
 To silence this warning, set `turbopack.root` in your Next.js config, or consider removing one of the lockfiles if it's not needed.
   See https://nextjs.org/docs/app/api-reference/config/next-config-js/turbopack#root-directory for more information.
 Detected additional lockfiles: 
   * /Users/raufaliyev/IdeaProjects/devbuddy/devbuddy-frontend/pnpm-lock.yaml

   ▲ Next.js 16.0.3 (Turbopack)
   - Local:         http://localhost:3000
   - Network:       http://192.168.31.177:3000
   - Environments: .env.local

 ✓ Starting...
 ⚠ The "middleware" file convention is deprecated. Please use "proxy" instead. Learn more: https://nextjs.org/docs/messages/middleware-to-proxy
 ✓ Ready in 1231ms
 GET /login 200 in 2.4s (compile: 2.2s, proxy.ts: 58ms, render: 153ms)
 GET / 200 in 547ms (compile: 488ms, proxy.ts: 4ms, render: 55ms)
 GET / 200 in 52ms (compile: 5ms, proxy.ts: 3ms, render: 44ms)
 GET / 200 in 32ms (compile: 2ms, proxy.ts: 1953µs, render: 28ms)
 GET / 200 in 81ms (compile: 2ms, proxy.ts: 5ms, render: 74ms)
 GET / 200 in 124ms (compile: 5ms, proxy.ts: 3ms, render: 116ms)
 GET /login 200 in 475ms (compile: 12ms, proxy.ts: 7ms, render: 456ms)
 GET /login 200 in 484ms (compile: 54ms, proxy.ts: 7ms, render: 423ms)
 GET /login 200 in 486ms (compile: 74ms, proxy.ts: 8ms, render: 405ms)
 GET /login 200 in 494ms (compile: 73ms, proxy.ts: 27ms, render: 394ms)
 GET /login?redirect=%2Fcv 200 in 471ms (compile: 51ms, proxy.ts: 21ms, render: 399ms)
 GET /login 200 in 477ms (compile: 10ms, proxy.ts: 5ms, render: 463ms)
 GET /login 200 in 536ms (compile: 70ms, proxy.ts: 5ms, render: 461ms)
 GET /login 200 in 526ms (compile: 13ms, proxy.ts: 4ms, render: 509ms)
 GET /login?redirect=%2Fcv 200 in 533ms (compile: 27ms, proxy.ts: 4ms, render: 502ms)
 GET /login 200 in 587ms (compile: 55ms, proxy.ts: 3ms, render: 529ms)
 GET /login 200 in 127ms (compile: 3ms, proxy.ts: 2ms, render: 122ms)
 GET /login 200 in 453ms (compile: 8ms, proxy.ts: 6ms, render: 439ms)
 GET /login 200 in 430ms (compile: 6ms, proxy.ts: 18ms, render: 406ms)
 GET /login?redirect=%2Fcv 200 in 429ms (compile: 12ms, proxy.ts: 5ms, render: 412ms)
 GET /login?redirect=%2Fcv 200 in 438ms (compile: 47ms, proxy.ts: 4ms, render: 387ms)
 GET /login?redirect=%2Fcv%2Fupload 200 in 228ms (compile: 8ms, proxy.ts: 3ms, render: 217ms)
 GET /login?redirect=%2Fcv%2F123%2Fimprove 200 in 242ms (compile: 20ms, proxy.ts: 3ms, render: 219ms)
 GET /login?redirect=%2Fcv%2F123%2Fimprove 200 in 116ms (compile: 7ms, proxy.ts: 5ms, render: 103ms)
 GET /login 200 in 59ms (compile: 3ms, proxy.ts: 2ms, render: 54ms)
 GET /login 200 in 200ms (compile: 5ms, proxy.ts: 4ms, render: 191ms)
 GET /login 200 in 175ms (compile: 8ms, proxy.ts: 6ms, render: 161ms)
 GET /login?redirect=%2Fcv 200 in 59ms (compile: 2ms, proxy.ts: 1967µs, render: 55ms)
 GET /login?redirect=%2Fcv%2F123%2Fimprove 200 in 104ms (compile: 5ms, proxy.ts: 5ms, render: 94ms)
 GET /login?redirect=%2Fcv 200 in 190ms (compile: 7ms, proxy.ts: 4ms, render: 180ms)
 GET /login?redirect=%2Fcv 200 in 187ms (compile: 23ms, proxy.ts: 2ms, render: 161ms)
 GET /login?redirect=%2Fcv%2F123%2Fimprove 200 in 152ms (compile: 9ms, proxy.ts: 5ms, render: 138ms)
 GET /login?redirect=%2Fcv%2F123 200 in 186ms (compile: 13ms, proxy.ts: 6ms, render: 166ms)
 GET /login?redirect=%2Fcv%2F123%2Fimprove 200 in 183ms (compile: 15ms, proxy.ts: 41ms, render: 126ms)
 GET /login?redirect=%2Fcv 200 in 170ms (compile: 10ms, proxy.ts: 3ms, render: 157ms)
 GET /login?redirect=%2Fcv%2F123%2Fimprove 200 in 95ms (compile: 4ms, proxy.ts: 4ms, render: 86ms)
 GET /login?redirect=%2Fcv%2F123 200 in 67ms (compile: 3ms, proxy.ts: 1757µs, render: 62ms)
 GET /login?redirect=%2Fcv 200 in 64ms (compile: 2ms, proxy.ts: 1292µs, render: 61ms)
 GET /login?redirect=%2Fcv%2Fupload 200 in 65ms (compile: 3ms, proxy.ts: 2ms, render: 61ms)
 GET /login?redirect=%2Fcv 200 in 82ms (compile: 3ms, proxy.ts: 2ms, render: 76ms)
 GET /login?redirect=%2Fcv%2Fupload 200 in 75ms (compile: 6ms, proxy.ts: 7ms, render: 62ms)
 GET /login?redirect=%2Fcv 200 in 76ms (compile: 4ms, proxy.ts: 4ms, render: 68ms)
 GET /login?redirect=%2Fcv%2F123%2Fimprove 200 in 52ms (compile: 5ms, proxy.ts: 2ms, render: 45ms)
 GET /login?redirect=%2Fcv%2F123%2Fimprove 200 in 49ms (compile: 2ms, proxy.ts: 3ms, render: 44ms)
 GET /login?redirect=%2Fcv 200 in 69ms (compile: 4ms, proxy.ts: 2ms, render: 62ms)
 GET /login?redirect=%2Fcv%2Fupload 200 in 60ms (compile: 1959µs, proxy.ts: 2ms, render: 55ms)
 GET /login?redirect=%2Fcv 200 in 50ms (compile: 1975µs, proxy.ts: 1356µs, render: 46ms)
 GET /login?redirect=%2Fcv 200 in 48ms (compile: 1516µs, proxy.ts: 2ms, render: 44ms)
 GET /login?redirect=%2Fcv 200 in 46ms (compile: 1564µs, proxy.ts: 3ms, render: 41ms)
 GET /login?redirect=%2Fcv 200 in 115ms (compile: 4ms, proxy.ts: 4ms, render: 108ms)
 GET /login?redirect=%2Fcv 200 in 269ms (compile: 3ms, proxy.ts: 3ms, render: 263ms)
 GET /login?redirect=%2Fcv 200 in 245ms (compile: 8ms, proxy.ts: 5ms, render: 232ms)
 GET /login?redirect=%2Fcv%2F123 200 in 302ms (compile: 9ms, proxy.ts: 4ms, render: 289ms)
 GET /login?redirect=%2Fcv 200 in 342ms (compile: 69ms, proxy.ts: 4ms, render: 269ms)
 GET /login?redirect=%2Fcv 200 in 455ms (compile: 6ms, proxy.ts: 5ms, render: 444ms)
 GET /login?redirect=%2Fcv%2F123 200 in 93ms (compile: 3ms, proxy.ts: 3ms, render: 86ms)
 GET /login?redirect=%2Fcv 200 in 81ms (compile: 5ms, proxy.ts: 1965µs, render: 74ms)
 GET /login?redirect=%2Fcv%2Fupload 200 in 71ms (compile: 3ms, proxy.ts: 6ms, render: 62ms)
 GET /login?redirect=%2Fcv 200 in 66ms (compile: 12ms, proxy.ts: 1669µs, render: 53ms)
 GET /login?redirect=%2Fcv 200 in 58ms (compile: 1906µs, proxy.ts: 2ms, render: 54ms)
 GET /jobs 200 in 557ms (compile: 360ms, proxy.ts: 1601µs, render: 196ms)
 GET /login?redirect=%2Fcv 200 in 61ms (compile: 6ms, proxy.ts: 1732µs, render: 54ms)
 GET /login?redirect=%2Fcv%2Fupload 200 in 70ms (compile: 3ms, proxy.ts: 2ms, render: 65ms)
 GET /jobs 200 in 195ms (compile: 1712µs, proxy.ts: 1419µs, render: 192ms)
 GET /jobs 200 in 228ms (compile: 3ms, proxy.ts: 2ms, render: 223ms)
 GET /jobs 200 in 336ms (compile: 5ms, proxy.ts: 2ms, render: 329ms)
 GET /jobs 200 in 221ms (compile: 3ms, proxy.ts: 1728µs, render: 216ms)
 GET /jobs 200 in 371ms (compile: 2ms, proxy.ts: 1628µs, render: 367ms)
 GET /jobs 200 in 272ms (compile: 4ms, proxy.ts: 1742µs, render: 267ms)
 GET /jobs 200 in 504ms (compile: 2ms, proxy.ts: 1765µs, render: 500ms)
 GET /jobs 200 in 415ms (compile: 6ms, proxy.ts: 6ms, render: 403ms)
 GET /jobs 200 in 269ms (compile: 9ms, proxy.ts: 3ms, render: 257ms)
 GET /login?redirect=%2Fjobs%2Falerts 200 in 283ms (compile: 23ms, proxy.ts: 10ms, render: 251ms)
 GET /login?redirect=%2Fjobs%2Falerts 200 in 273ms (compile: 140ms, proxy.ts: 8ms, render: 125ms)
 GET /login?redirect=%2Fjobs%2Falerts 200 in 65ms (compile: 4ms, proxy.ts: 5ms, render: 56ms)
 GET /jobs 200 in 167ms (compile: 2ms, proxy.ts: 1850µs, render: 163ms)
 GET /login?redirect=%2Fjobs%2Falerts 200 in 63ms (compile: 2ms, proxy.ts: 2ms, render: 59ms)
 GET /login?redirect=%2Fjobs%2Falerts 200 in 59ms (compile: 1946µs, proxy.ts: 2ms, render: 55ms)
 GET /jobs 200 in 605ms (compile: 1874µs, proxy.ts: 1911µs, render: 601ms)
 GET /jobs 200 in 578ms (compile: 4ms, proxy.ts: 1927µs, render: 572ms)
 GET /jobs 200 in 484ms (compile: 6ms, proxy.ts: 2ms, render: 475ms)
 GET /login?redirect=%2Fjobs%2Falerts 200 in 178ms (compile: 8ms, proxy.ts: 8ms, render: 162ms)
 GET /login?redirect=%2Fjobs%2Falerts 200 in 179ms (compile: 48ms, proxy.ts: 3ms, render: 128ms)
 GET /jobs 200 in 435ms (compile: 5ms, proxy.ts: 7ms, render: 423ms)
 GET /login?redirect=%2Fjobs%2Falerts 200 in 85ms (compile: 4ms, proxy.ts: 6ms, render: 74ms)
 GET /login?redirect=%2Fcv 200 in 167ms (compile: 5ms, proxy.ts: 3ms, render: 159ms)
 GET /login?redirect=%2Fcv%2Fupload 200 in 160ms (compile: 6ms, proxy.ts: 3ms, render: 151ms)
 GET /jobs 200 in 399ms (compile: 4ms, proxy.ts: 1902µs, render: 393ms)
 GET /login?redirect=%2Fjobs%2Falerts 200 in 68ms (compile: 2ms, proxy.ts: 2ms, render: 64ms)
 GET /dashboard 200 in 495ms (compile: 313ms, proxy.ts: 6ms, render: 176ms)
 GET /jobs/saved 200 in 735ms (compile: 510ms, proxy.ts: 3ms, render: 221ms)
 GET /profile 200 in 563ms (compile: 403ms, proxy.ts: 3ms, render: 156ms)
 GET /jobs/saved 200 in 275ms (compile: 3ms, proxy.ts: 5ms, render: 267ms)
 GET /login 200 in 21ms (compile: 4ms, proxy.ts: 2ms, render: 15ms)
 GET /dashboard 200 in 61ms (compile: 1868µs, proxy.ts: 2ms, render: 57ms)
 GET /login 200 in 53ms (compile: 8ms, proxy.ts: 11ms, render: 35ms)
 GET /profile 200 in 226ms (compile: 4ms, proxy.ts: 4ms, render: 218ms)
 GET /jobs 200 in 337ms (compile: 4ms, proxy.ts: 8ms, render: 326ms)
 GET /login 200 in 139ms (compile: 4ms, proxy.ts: 6ms, render: 130ms)
 GET /jobs/saved 200 in 177ms (compile: 8ms, proxy.ts: 5ms, render: 164ms)
 GET /jobs/saved 200 in 178ms (compile: 1956µs, proxy.ts: 3ms, render: 173ms)
 GET /login?redirect=%2Fcv%2Fupload 200 in 81ms (compile: 3ms, proxy.ts: 5ms, render: 73ms)
 GET /settings 200 in 722ms (compile: 402ms, proxy.ts: 1939µs, render: 318ms)
 GET /login?redirect=%2Fjobs%2Falerts%2Fnew 200 in 188ms (compile: 7ms, proxy.ts: 3ms, render: 178ms)
 GET /login 200 in 59ms (compile: 16ms, proxy.ts: 8ms, render: 34ms)
 GET /jobs 200 in 520ms (compile: 9ms, proxy.ts: 8ms, render: 503ms)
 GET /login?redirect=%2Fcv%2Fupload 200 in 192ms (compile: 4ms, proxy.ts: 4ms, render: 185ms)
 GET /login?redirect=%2Fjobs%2Falerts 200 in 241ms (compile: 5ms, proxy.ts: 3ms, render: 233ms)
 GET /login?redirect=%2Fcv%2F123%2Fimprove 200 in 324ms (compile: 11ms, proxy.ts: 4ms, render: 309ms)
 GET /login?redirect=%2Fcv%2Fupload 200 in 276ms (compile: 15ms, proxy.ts: 7ms, render: 253ms)
 GET /login?redirect=%2Fcv 200 in 128ms (compile: 6ms, proxy.ts: 4ms, render: 118ms)
 GET /login?redirect=%2Fcv%2Fupload 200 in 73ms (compile: 2ms, proxy.ts: 1970µs, render: 69ms)
 GET /settings 200 in 70ms (compile: 2ms, proxy.ts: 1747µs, render: 67ms)
 GET /login 200 in 19ms (compile: 4ms, proxy.ts: 2ms, render: 13ms)
 GET /login?redirect=%2Fjobs%2Falerts 200 in 57ms (compile: 2ms, proxy.ts: 1684µs, render: 54ms)
 GET /dashboard 200 in 60ms (compile: 2ms, proxy.ts: 1978µs, render: 56ms)
 GET /login?redirect=%2Fcv 200 in 53ms (compile: 2ms, proxy.ts: 1673µs, render: 49ms)
 GET /login?redirect=%2Fcv 200 in 60ms (compile: 2ms, proxy.ts: 1521µs, render: 57ms)
 GET /login?redirect=%2Fcv 200 in 75ms (compile: 7ms, proxy.ts: 7ms, render: 61ms)
 GET /login?redirect=%2Fcv%2Fupload 200 in 71ms (compile: 6ms, proxy.ts: 4ms, render: 60ms)
 GET /login?redirect=%2Fjobs%2Falerts 200 in 53ms (compile: 2ms, proxy.ts: 1995µs, render: 49ms)
 GET /dashboard 200 in 69ms (compile: 2ms, proxy.ts: 1721µs, render: 65ms)
 GET /login 200 in 47ms (compile: 5ms, proxy.ts: 2ms, render: 39ms)
 GET /login?redirect=%2Fcv 200 in 54ms (compile: 1574µs, proxy.ts: 1491µs, render: 51ms)
 GET /login?redirect=%2Fcv 200 in 64ms (compile: 5ms, proxy.ts: 3ms, render: 55ms)
 GET /login?redirect=%2Fcv 200 in 72ms (compile: 4ms, proxy.ts: 7ms, render: 61ms)
 GET /news 200 in 374ms (compile: 239ms, proxy.ts: 2ms, render: 133ms)
 GET /news 200 in 434ms (compile: 310ms, proxy.ts: 2ms, render: 122ms)
 GET /news 200 in 170ms (compile: 3ms, proxy.ts: 5ms, render: 161ms)
 GET /news 200 in 127ms (compile: 6ms, proxy.ts: 6ms, render: 115ms)
 GET /learn 200 in 788ms (compile: 110ms, proxy.ts: 2ms, render: 676ms)
 GET /learn 200 in 1173ms (compile: 516ms, proxy.ts: 4ms, render: 653ms)
 GET /learn 200 in 248ms (compile: 13ms, proxy.ts: 5ms, render: 230ms)
 GET /learn/javascript/basics 200 in 850ms (compile: 530ms, proxy.ts: 2ms, render: 319ms)
 GET /learn/javascript 200 in 1148ms (compile: 630ms, proxy.ts: 6ms, render: 513ms)
 GET /learn/javascript 200 in 1079ms (compile: 561ms, proxy.ts: 4ms, render: 514ms)
 GET /interview 200 in 205ms (compile: 80ms, proxy.ts: 3ms, render: 122ms)
 GET /interview 200 in 355ms (compile: 247ms, proxy.ts: 1953µs, render: 106ms)
 GET /interview 200 in 54ms (compile: 2ms, proxy.ts: 1557µs, render: 51ms)
 GET /interview 200 in 121ms (compile: 1886µs, proxy.ts: 2ms, render: 117ms)
 GET / 200 in 101ms (compile: 6ms, proxy.ts: 3ms, render: 93ms)
 GET / 200 in 223ms (compile: 3ms, proxy.ts: 3ms, render: 217ms)
 GET / 200 in 197ms (compile: 5ms, proxy.ts: 6ms, render: 187ms)
 GET /interview 200 in 193ms (compile: 12ms, proxy.ts: 12ms, render: 169ms)
 GET / 200 in 77ms (compile: 2ms, proxy.ts: 2ms, render: 73ms)
 GET / 200 in 31ms (compile: 5ms, proxy.ts: 4ms, render: 22ms)
 GET / 200 in 58ms (compile: 6ms, proxy.ts: 1875µs, render: 51ms)
 GET /login?redirect=%2Fcv 200 in 84ms (compile: 5ms, proxy.ts: 5ms, render: 75ms)
 GET /login 200 in 66ms (compile: 4ms, proxy.ts: 4ms, render: 57ms)
 GET /login 200 in 47ms (compile: 4ms, proxy.ts: 3ms, render: 40ms)
 GET /login?redirect=%2Fcv 200 in 91ms (compile: 13ms, proxy.ts: 4ms, render: 74ms)
 GET / 200 in 148ms (compile: 8ms, proxy.ts: 4ms, render: 136ms)
 GET / 200 in 31ms (compile: 7ms, proxy.ts: 8ms, render: 16ms)
 GET /login 200 in 56ms (compile: 5ms, proxy.ts: 6ms, render: 45ms)
 GET /news 200 in 132ms (compile: 6ms, proxy.ts: 3ms, render: 123ms)
 GET /login 200 in 277ms (compile: 10ms, proxy.ts: 11ms, render: 256ms)
 GET /login 200 in 57ms (compile: 3ms, proxy.ts: 1890µs, render: 52ms)
 GET /login 200 in 44ms (compile: 3ms, proxy.ts: 5ms, render: 36ms)
 GET /login 200 in 47ms (compile: 2ms, proxy.ts: 3ms, render: 41ms)
 GET /login 200 in 64ms (compile: 3ms, proxy.ts: 4ms, render: 57ms)
 GET /login 200 in 89ms (compile: 9ms, proxy.ts: 11ms, render: 69ms)
 GET /login 200 in 181ms (compile: 14ms, proxy.ts: 54ms, render: 112ms)
 GET /login 200 in 65ms (compile: 4ms, proxy.ts: 4ms, render: 57ms)
 GET /login 200 in 42ms (compile: 3ms, proxy.ts: 3ms, render: 36ms)
 GET /login?redirect=%2Fcv 200 in 133ms (compile: 6ms, proxy.ts: 3ms, render: 124ms)
 GET /login?redirect=%2Fcv%2Fupload 200 in 68ms (compile: 3ms, proxy.ts: 5ms, render: 60ms)
 GET /login?redirect=%2Fcv 200 in 75ms (compile: 9ms, proxy.ts: 3ms, render: 63ms)
 GET /login 200 in 110ms (compile: 14ms, proxy.ts: 5ms, render: 91ms)
 GET /login?redirect=%2Fcv%2F123%2Fimprove 200 in 76ms (compile: 8ms, proxy.ts: 3ms, render: 65ms)
 GET /login?redirect=%2Fcv%2F123%2Fimprove 200 in 52ms (compile: 3ms, proxy.ts: 4ms, render: 45ms)
 GET /login?redirect=%2Fcv 200 in 67ms (compile: 6ms, proxy.ts: 4ms, render: 56ms)
 GET /login 200 in 77ms (compile: 3ms, proxy.ts: 3ms, render: 71ms)
 GET /login?redirect=%2Fcv%2F123%2Fimprove 200 in 109ms (compile: 5ms, proxy.ts: 4ms, render: 100ms)
 GET /login?redirect=%2Fcv%2F123%2Fimprove 200 in 165ms (compile: 8ms, proxy.ts: 7ms, render: 149ms)
 GET /login?redirect=%2Fcv 200 in 43ms (compile: 1861µs, proxy.ts: 3ms, render: 38ms)
 GET /login?redirect=%2Fcv%2F123 200 in 102ms (compile: 4ms, proxy.ts: 4ms, render: 93ms)
 GET /login?redirect=%2Fcv 200 in 63ms (compile: 7ms, proxy.ts: 5ms, render: 51ms)
 GET /login?redirect=%2Fcv%2F123%2Fimprove 200 in 47ms (compile: 1705µs, proxy.ts: 1792µs, render: 44ms)
 GET /login?redirect=%2Fcv%2F123%2Fimprove 200 in 58ms (compile: 4ms, proxy.ts: 3ms, render: 51ms)
 GET /login?redirect=%2Fcv 200 in 151ms (compile: 5ms, proxy.ts: 27ms, render: 119ms)
 GET /login?redirect=%2Fcv 200 in 156ms (compile: 17ms, proxy.ts: 5ms, render: 134ms)
 GET /login?redirect=%2Fcv%2F123 200 in 99ms (compile: 7ms, proxy.ts: 5ms, render: 87ms)
 GET /login?redirect=%2Fcv%2Fupload 200 in 117ms (compile: 4ms, proxy.ts: 4ms, render: 109ms)
 GET /login?redirect=%2Fcv 200 in 63ms (compile: 5ms, proxy.ts: 4ms, render: 53ms)
 GET /login?redirect=%2Fcv%2Fupload 200 in 49ms (compile: 3ms, proxy.ts: 6ms, render: 41ms)
 GET /login?redirect=%2Fcv 200 in 118ms (compile: 12ms, proxy.ts: 5ms, render: 102ms)
 GET /login?redirect=%2Fcv%2F123%2Fimprove 200 in 97ms (compile: 4ms, proxy.ts: 5ms, render: 88ms)
 GET /login?redirect=%2Fcv%2F123%2Fimprove 200 in 79ms (compile: 3ms, proxy.ts: 6ms, render: 70ms)
 GET /login?redirect=%2Fcv 200 in 132ms (compile: 25ms, proxy.ts: 11ms, render: 96ms)
 GET /login?redirect=%2Fcv%2Fupload 200 in 46ms (compile: 5ms, proxy.ts: 3ms, render: 38ms)
 GET /login?redirect=%2Fcv 200 in 80ms (compile: 4ms, proxy.ts: 3ms, render: 73ms)
 GET /login?redirect=%2Fcv%2F123 200 in 59ms (compile: 3ms, proxy.ts: 3ms, render: 54ms)
 GET /login?redirect=%2Fcv 200 in 60ms (compile: 4ms, proxy.ts: 4ms, render: 53ms)
 GET /login?redirect=%2Fcv 200 in 60ms (compile: 3ms, proxy.ts: 4ms, render: 52ms)
 GET /login?redirect=%2Fcv 200 in 61ms (compile: 7ms, proxy.ts: 5ms, render: 49ms)
 GET /login?redirect=%2Fcv 200 in 75ms (compile: 4ms, proxy.ts: 1779µs, render: 70ms)
 GET /login?redirect=%2Fcv 200 in 79ms (compile: 7ms, proxy.ts: 8ms, render: 64ms)
 GET /login?redirect=%2Fcv%2Fupload 200 in 84ms (compile: 4ms, proxy.ts: 4ms, render: 76ms)
 GET /login?redirect=%2Fcv%2F123 200 in 52ms (compile: 4ms, proxy.ts: 5ms, render: 43ms)
 GET /login?redirect=%2Fcv 200 in 49ms (compile: 5ms, proxy.ts: 2ms, render: 42ms)
 GET /login?redirect=%2Fcv 200 in 35ms (compile: 1944µs, proxy.ts: 2ms, render: 31ms)
 GET /login?redirect=%2Fcv 200 in 43ms (compile: 2ms, proxy.ts: 1799µs, render: 39ms)
 GET /login?redirect=%2Fcv 200 in 91ms (compile: 26ms, proxy.ts: 7ms, render: 57ms)
 GET /login?redirect=%2Fcv 200 in 74ms (compile: 8ms, proxy.ts: 13ms, render: 53ms)
 GET /jobs 200 in 127ms (compile: 5ms, proxy.ts: 1785µs, render: 120ms)
 GET /login?redirect=%2Fcv 200 in 49ms (compile: 3ms, proxy.ts: 3ms, render: 43ms)
 GET /login?redirect=%2Fcv%2Fupload 200 in 73ms (compile: 4ms, proxy.ts: 5ms, render: 64ms)
 GET /jobs 200 in 111ms (compile: 2ms, proxy.ts: 1960µs, render: 107ms)
 GET /jobs 200 in 109ms (compile: 3ms, proxy.ts: 2ms, render: 103ms)
 GET /jobs 200 in 127ms (compile: 2ms, proxy.ts: 3ms, render: 122ms)
 GET /jobs 200 in 250ms (compile: 3ms, proxy.ts: 2ms, render: 244ms)
 GET /jobs 200 in 335ms (compile: 6ms, proxy.ts: 6ms, render: 324ms)
 GET /jobs 200 in 304ms (compile: 11ms, proxy.ts: 6ms, render: 287ms)
 GET /login?redirect=%2Fjobs%2Falerts 200 in 87ms (compile: 12ms, proxy.ts: 4ms, render: 71ms)
 GET /jobs 200 in 446ms (compile: 7ms, proxy.ts: 6ms, render: 434ms)
 GET /jobs 200 in 624ms (compile: 10ms, proxy.ts: 3ms, render: 611ms)
 GET /jobs 200 in 464ms (compile: 6ms, proxy.ts: 3ms, render: 455ms)
 GET /login?redirect=%2Fjobs%2Falerts 200 in 76ms (compile: 3ms, proxy.ts: 4ms, render: 69ms)
 GET /login?redirect=%2Fjobs%2Falerts 200 in 119ms (compile: 20ms, proxy.ts: 13ms, render: 86ms)
 GET /jobs 200 in 108ms (compile: 2ms, proxy.ts: 1838µs, render: 104ms)
 GET /login?redirect=%2Fjobs%2Falerts 200 in 38ms (compile: 1623µs, proxy.ts: 1727µs, render: 35ms)
 GET /login?redirect=%2Fjobs%2Falerts 200 in 57ms (compile: 4ms, proxy.ts: 3ms, render: 49ms)
 GET /jobs 200 in 1143ms (compile: 4ms, proxy.ts: 14ms, render: 1125ms)
 GET /jobs 200 in 982ms (compile: 5ms, proxy.ts: 11ms, render: 966ms)
 GET /login?redirect=%2Fjobs%2Falerts 200 in 57ms (compile: 3ms, proxy.ts: 4ms, render: 50ms)
 GET /login?redirect=%2Fjobs%2Falerts 200 in 71ms (compile: 6ms, proxy.ts: 4ms, render: 61ms)
 GET /login?redirect=%2Fjobs%2Falerts 200 in 71ms (compile: 4ms, proxy.ts: 3ms, render: 65ms)
 GET /login?redirect=%2Fcv 200 in 74ms (compile: 4ms, proxy.ts: 4ms, render: 67ms)
 GET /jobs 200 in 279ms (compile: 4ms, proxy.ts: 3ms, render: 272ms)
 GET /login?redirect=%2Fcv%2Fupload 200 in 69ms (compile: 9ms, proxy.ts: 2ms, render: 58ms)
 GET /jobs/saved 200 in 253ms (compile: 9ms, proxy.ts: 4ms, render: 240ms)
 GET /jobs 200 in 318ms (compile: 5ms, proxy.ts: 4ms, render: 308ms)
 GET /dashboard 200 in 215ms (compile: 11ms, proxy.ts: 6ms, render: 198ms)
 GET /jobs/saved 200 in 462ms (compile: 6ms, proxy.ts: 5ms, render: 451ms)
 GET /jobs 200 in 372ms (compile: 20ms, proxy.ts: 5ms, render: 346ms)
 GET /jobs 200 in 220ms (compile: 5ms, proxy.ts: 7ms, render: 208ms)
 GET /profile 200 in 117ms (compile: 7ms, proxy.ts: 3ms, render: 107ms)
 GET /login?redirect=%2Fjobs%2Falerts 200 in 111ms (compile: 3ms, proxy.ts: 3ms, render: 105ms)
 GET /login?redirect=%2Fjobs%2Falerts 200 in 108ms (compile: 10ms, proxy.ts: 12ms, render: 86ms)
 GET /login 200 in 58ms (compile: 8ms, proxy.ts: 7ms, render: 42ms)
 GET /settings 200 in 67ms (compile: 6ms, proxy.ts: 5ms, render: 56ms)
 GET /login 200 in 28ms (compile: 4ms, proxy.ts: 5ms, render: 19ms)
 GET /dashboard 200 in 91ms (compile: 13ms, proxy.ts: 5ms, render: 73ms)
 GET /login 200 in 17ms (compile: 4ms, proxy.ts: 2ms, render: 11ms)
 GET /jobs 200 in 316ms (compile: 5ms, proxy.ts: 3ms, render: 308ms)
 GET /jobs/saved 200 in 204ms (compile: 4ms, proxy.ts: 5ms, render: 195ms)
 GET /profile 200 in 118ms (compile: 7ms, proxy.ts: 3ms, render: 108ms)
 GET /login 200 in 41ms (compile: 6ms, proxy.ts: 6ms, render: 29ms)
 GET /jobs/saved 200 in 214ms (compile: 9ms, proxy.ts: 3ms, render: 202ms)
 GET /settings 200 in 102ms (compile: 5ms, proxy.ts: 4ms, render: 93ms)
 GET /login 200 in 37ms (compile: 7ms, proxy.ts: 7ms, render: 23ms)
 GET /login?redirect=%2Fcv%2Fupload 200 in 92ms (compile: 9ms, proxy.ts: 12ms, render: 71ms)
 GET /login?redirect=%2Fjobs%2Falerts%2Fnew 200 in 58ms (compile: 7ms, proxy.ts: 3ms, render: 48ms)
 GET /login?redirect=%2Fcv%2F123%2Fimprove 200 in 78ms (compile: 5ms, proxy.ts: 6ms, render: 68ms)
 GET /login?redirect=%2Fcv%2Fupload 200 in 51ms (compile: 2ms, proxy.ts: 3ms, render: 46ms)
 GET /login?redirect=%2Fcv 200 in 253ms (compile: 5ms, proxy.ts: 2ms, render: 245ms)
 GET /login?redirect=%2Fjobs%2Falerts 200 in 196ms (compile: 9ms, proxy.ts: 6ms, render: 181ms)
 GET /login?redirect=%2Fcv%2Fupload 200 in 144ms (compile: 12ms, proxy.ts: 9ms, render: 123ms)
 GET /login?redirect=%2Fcv%2Fupload 200 in 44ms (compile: 2ms, proxy.ts: 3ms, render: 39ms)
 GET /dashboard 200 in 51ms (compile: 3ms, proxy.ts: 2ms, render: 46ms)
 GET /login 200 in 46ms (compile: 3ms, proxy.ts: 3ms, render: 41ms)
 GET /login?redirect=%2Fcv 200 in 37ms (compile: 7ms, proxy.ts: 2ms, render: 28ms)
 GET /login?redirect=%2Fcv 200 in 97ms (compile: 15ms, proxy.ts: 3ms, render: 80ms)
 GET /login?redirect=%2Fcv%2Fupload 200 in 55ms (compile: 3ms, proxy.ts: 3ms, render: 49ms)
 GET /login?redirect=%2Fcv 200 in 95ms (compile: 6ms, proxy.ts: 10ms, render: 79ms)
 GET /login?redirect=%2Fjobs%2Falerts 200 in 67ms (compile: 5ms, proxy.ts: 4ms, render: 57ms)
 GET /dashboard 200 in 79ms (compile: 11ms, proxy.ts: 8ms, render: 60ms)
 GET /login 200 in 28ms (compile: 6ms, proxy.ts: 4ms, render: 17ms)
 GET /login?redirect=%2Fcv 200 in 63ms (compile: 3ms, proxy.ts: 4ms, render: 57ms)
 GET /login?redirect=%2Fcv 200 in 85ms (compile: 7ms, proxy.ts: 4ms, render: 74ms)
 GET /news 200 in 102ms (compile: 8ms, proxy.ts: 6ms, render: 88ms)
 GET /news 200 in 64ms (compile: 12ms, proxy.ts: 3ms, render: 49ms)
 GET /news 200 in 208ms (compile: 5ms, proxy.ts: 62ms, render: 140ms)
 GET /learn 200 in 406ms (compile: 16ms, proxy.ts: 5ms, render: 385ms)
 GET /news 200 in 137ms (compile: 4ms, proxy.ts: 3ms, render: 130ms)
 GET /learn/javascript 200 in 343ms (compile: 20ms, proxy.ts: 5ms, render: 317ms)
 GET /learn/javascript/basics 200 in 275ms (compile: 28ms, proxy.ts: 7ms, render: 240ms)
 GET /interview 200 in 427ms (compile: 45ms, proxy.ts: 11ms, render: 371ms)
 GET /interview 200 in 429ms (compile: 102ms, proxy.ts: 9ms, render: 318ms)
 GET /learn 200 in 525ms (compile: 2ms, proxy.ts: 2ms, render: 520ms)
 GET /interview 200 in 377ms (compile: 157ms, proxy.ts: 3ms, render: 217ms)
 GET /interview 200 in 342ms (compile: 99ms, proxy.ts: 2ms, render: 241ms)
 GET /learn 200 in 746ms (compile: 436ms, proxy.ts: 7ms, render: 303ms)
 GET / 200 in 430ms (compile: 12ms, proxy.ts: 6ms, render: 411ms)
 GET / 200 in 360ms (compile: 8ms, proxy.ts: 5ms, render: 347ms)
 GET / 200 in 367ms (compile: 50ms, proxy.ts: 6ms, render: 312ms)
 GET / 200 in 25ms (compile: 3ms, proxy.ts: 8ms, render: 14ms)
 GET / 200 in 274ms (compile: 11ms, proxy.ts: 35ms, render: 228ms)
 GET / 200 in 162ms (compile: 10ms, proxy.ts: 9ms, render: 143ms)
 GET /interview 200 in 200ms (compile: 25ms, proxy.ts: 20ms, render: 155ms)
 GET /login 200 in 496ms (compile: 34ms, proxy.ts: 27ms, render: 435ms)
 GET /login 200 in 525ms (compile: 64ms, proxy.ts: 23ms, render: 438ms)
 GET /login?redirect=%2Fcv 200 in 498ms (compile: 186ms, proxy.ts: 6ms, render: 305ms)
 GET /login 200 in 434ms (compile: 18ms, proxy.ts: 28ms, render: 387ms)
 GET /login 200 in 411ms (compile: 102ms, proxy.ts: 6ms, render: 304ms)
 GET /login?redirect=%2Fcv 200 in 316ms (compile: 81ms, proxy.ts: 5ms, render: 231ms)
 GET / 200 in 83ms (compile: 5ms, proxy.ts: 4ms, render: 75ms)
 GET /news 200 in 65ms (compile: 5ms, proxy.ts: 4ms, render: 56ms)
 GET / 200 in 301ms (compile: 167ms, proxy.ts: 46ms, render: 88ms)
 GET /login 200 in 324ms (compile: 88ms, proxy.ts: 9ms, render: 227ms)
 GET /login 200 in 322ms (compile: 40ms, proxy.ts: 10ms, render: 272ms)
 GET /login 200 in 321ms (compile: 152ms, proxy.ts: 43ms, render: 126ms)
 GET /login 200 in 444ms (compile: 11ms, proxy.ts: 20ms, render: 413ms)
 GET /login 200 in 427ms (compile: 76ms, proxy.ts: 4ms, render: 347ms)
 GET /login 200 in 421ms (compile: 69ms, proxy.ts: 32ms, render: 319ms)
 GET /login 200 in 330ms (compile: 20ms, proxy.ts: 6ms, render: 303ms)
 GET /login 200 in 330ms (compile: 75ms, proxy.ts: 6ms, render: 248ms)
 GET /login?redirect=%2Fcv 200 in 227ms (compile: 10ms, proxy.ts: 5ms, render: 212ms)
 GET /login?redirect=%2Fcv%2Fupload 200 in 347ms (compile: 25ms, proxy.ts: 5ms, render: 317ms)
 GET /login?redirect=%2Fcv 200 in 60ms (compile: 3ms, proxy.ts: 4ms, render: 53ms)
 GET /login?redirect=%2Fcv%2F123%2Fimprove 200 in 94ms (compile: 3ms, proxy.ts: 4ms, render: 87ms)
 GET /login?redirect=%2Fcv%2F123%2Fimprove 200 in 67ms (compile: 5ms, proxy.ts: 4ms, render: 58ms)
 GET /login 200 in 171ms (compile: 2ms, proxy.ts: 4ms, render: 165ms)
 GET /login 200 in 176ms (compile: 5ms, proxy.ts: 29ms, render: 142ms)
 GET /login?redirect=%2Fcv 200 in 83ms (compile: 3ms, proxy.ts: 1793µs, render: 78ms)
 GET /login?redirect=%2Fcv 200 in 86ms (compile: 34ms, proxy.ts: 1346µs, render: 51ms)
 GET /login?redirect=%2Fcv%2F123%2Fimprove 200 in 126ms (compile: 3ms, proxy.ts: 3ms, render: 120ms)
 GET /login?redirect=%2Fcv%2F123%2Fimprove 200 in 96ms (compile: 8ms, proxy.ts: 4ms, render: 84ms)
 GET /login?redirect=%2Fcv%2F123%2Fimprove 200 in 153ms (compile: 4ms, proxy.ts: 11ms, render: 139ms)
 GET /login?redirect=%2Fcv%2F123%2Fimprove 200 in 151ms (compile: 11ms, proxy.ts: 39ms, render: 101ms)
 GET /login?redirect=%2Fcv 200 in 156ms (compile: 3ms, proxy.ts: 3ms, render: 149ms)
 GET /login?redirect=%2Fcv 200 in 130ms (compile: 3ms, proxy.ts: 3ms, render: 125ms)
 GET /login?redirect=%2Fcv%2F123 200 in 278ms (compile: 20ms, proxy.ts: 9ms, render: 248ms)
 GET /login?redirect=%2Fcv%2Fupload 200 in 200ms (compile: 3ms, proxy.ts: 2ms, render: 195ms)
 GET /login?redirect=%2Fcv 200 in 157ms (compile: 10ms, proxy.ts: 7ms, render: 140ms)
 GET /login?redirect=%2Fcv%2F123 200 in 86ms (compile: 4ms, proxy.ts: 5ms, render: 77ms)
 GET /login?redirect=%2Fcv 200 in 45ms (compile: 4ms, proxy.ts: 2ms, render: 39ms)
 GET /login?redirect=%2Fcv%2Fupload 200 in 120ms (compile: 4ms, proxy.ts: 6ms, render: 111ms)
 GET /login?redirect=%2Fcv 200 in 45ms (compile: 4ms, proxy.ts: 1836µs, render: 39ms)
 GET /login?redirect=%2Fcv%2F123%2Fimprove 200 in 39ms (compile: 3ms, proxy.ts: 2ms, render: 34ms)
 GET /login?redirect=%2Fcv%2F123%2Fimprove 200 in 40ms (compile: 3ms, proxy.ts: 1696µs, render: 36ms)
 GET /login?redirect=%2Fcv 200 in 68ms (compile: 5ms, proxy.ts: 2ms, render: 61ms)
 GET /login?redirect=%2Fcv%2Fupload 200 in 89ms (compile: 20ms, proxy.ts: 2ms, render: 67ms)
 GET /login?redirect=%2Fcv 200 in 32ms (compile: 3ms, proxy.ts: 3ms, render: 26ms)
 GET /login?redirect=%2Fcv 200 in 63ms (compile: 3ms, proxy.ts: 1746µs, render: 57ms)
 GET /login?redirect=%2Fcv 200 in 37ms (compile: 1723µs, proxy.ts: 1932µs, render: 33ms)
 GET /login?redirect=%2Fcv 200 in 44ms (compile: 3ms, proxy.ts: 3ms, render: 38ms)
 GET /login?redirect=%2Fcv 200 in 63ms (compile: 4ms, proxy.ts: 1970µs, render: 58ms)
 GET /login?redirect=%2Fcv 200 in 59ms (compile: 4ms, proxy.ts: 5ms, render: 49ms)
 GET /login?redirect=%2Fcv 200 in 109ms (compile: 14ms, proxy.ts: 5ms, render: 90ms)
 GET /login?redirect=%2Fcv 200 in 101ms (compile: 48ms, proxy.ts: 3ms, render: 50ms)
 GET /login?redirect=%2Fcv%2F123 200 in 246ms (compile: 5ms, proxy.ts: 3ms, render: 238ms)
 GET /login?redirect=%2Fcv%2Fupload 200 in 239ms (compile: 5ms, proxy.ts: 9ms, render: 224ms)
 GET /login?redirect=%2Fcv 200 in 215ms (compile: 10ms, proxy.ts: 3ms, render: 202ms)
 GET /login?redirect=%2Fcv%2F123 200 in 91ms (compile: 5ms, proxy.ts: 3ms, render: 83ms)
 GET /login?redirect=%2Fcv 200 in 58ms (compile: 3ms, proxy.ts: 1934µs, render: 53ms)
 GET /login?redirect=%2Fcv 200 in 49ms (compile: 8ms, proxy.ts: 2ms, render: 38ms)
 GET /jobs 200 in 265ms (compile: 14ms, proxy.ts: 7ms, render: 245ms)
 GET /login?redirect=%2Fcv 200 in 46ms (compile: 5ms, proxy.ts: 1861µs, render: 40ms)
 GET /login?redirect=%2Fcv%2Fupload 200 in 67ms (compile: 13ms, proxy.ts: 10ms, render: 44ms)
 GET /jobs 200 in 266ms (compile: 10ms, proxy.ts: 21ms, render: 235ms)
 GET /jobs 200 in 761ms (compile: 15ms, proxy.ts: 10ms, render: 736ms)
 GET /jobs 200 in 750ms (compile: 140ms, proxy.ts: 7ms, render: 604ms)
 GET /jobs 200 in 506ms (compile: 7ms, proxy.ts: 4ms, render: 495ms)
 GET /jobs 200 in 420ms (compile: 7ms, proxy.ts: 4ms, render: 408ms)
 GET /jobs 200 in 307ms (compile: 5ms, proxy.ts: 3ms, render: 298ms)
 GET /jobs 200 in 1247ms (compile: 4ms, proxy.ts: 4ms, render: 1239ms)
 GET /jobs 200 in 862ms (compile: 61ms, proxy.ts: 32ms, render: 769ms)
 GET /jobs 200 in 628ms (compile: 9ms, proxy.ts: 5ms, render: 615ms)
 GET /login?redirect=%2Fjobs%2Falerts 200 in 364ms (compile: 21ms, proxy.ts: 17ms, render: 326ms)
 GET /login?redirect=%2Fjobs%2Falerts 200 in 353ms (compile: 138ms, proxy.ts: 5ms, render: 209ms)
 GET /login?redirect=%2Fjobs%2Falerts 200 in 99ms (compile: 5ms, proxy.ts: 3ms, render: 91ms)
 GET /jobs 200 in 491ms (compile: 5ms, proxy.ts: 5ms, render: 482ms)
 GET /jobs 200 in 364ms (compile: 10ms, proxy.ts: 5ms, render: 349ms)
 GET /login?redirect=%2Fjobs%2Falerts 200 in 106ms (compile: 4ms, proxy.ts: 4ms, render: 98ms)
 GET /login?redirect=%2Fjobs%2Falerts 200 in 160ms (compile: 5ms, proxy.ts: 4ms, render: 151ms)
 GET /login?redirect=%2Fjobs%2Falerts 200 in 238ms (compile: 30ms, proxy.ts: 8ms, render: 200ms)
 GET /login?redirect=%2Fjobs%2Falerts 200 in 210ms (compile: 15ms, proxy.ts: 2ms, render: 192ms)
 GET /jobs 200 in 848ms (compile: 4ms, proxy.ts: 5ms, render: 839ms)
 GET /jobs 200 in 655ms (compile: 4ms, proxy.ts: 9ms, render: 642ms)
 GET /jobs 200 in 534ms (compile: 12ms, proxy.ts: 4ms, render: 518ms)
 GET /login?redirect=%2Fjobs%2Falerts 200 in 374ms (compile: 115ms, proxy.ts: 9ms, render: 251ms)
 GET /login?redirect=%2Fcv 200 in 168ms (compile: 14ms, proxy.ts: 7ms, render: 147ms)
 GET /jobs/saved 200 in 893ms (compile: 304ms, proxy.ts: 7ms, render: 582ms)
 GET /jobs 200 in 914ms (compile: 19ms, proxy.ts: 5ms, render: 890ms)
 GET /login?redirect=%2Fcv%2Fupload 200 in 203ms (compile: 9ms, proxy.ts: 6ms, render: 188ms)
 GET /jobs/saved 200 in 574ms (compile: 10ms, proxy.ts: 5ms, render: 559ms)
 GET /login?redirect=%2Fjobs%2Falerts 200 in 204ms (compile: 8ms, proxy.ts: 5ms, render: 191ms)
 GET /dashboard 200 in 180ms (compile: 9ms, proxy.ts: 4ms, render: 167ms)
 GET /profile 200 in 121ms (compile: 8ms, proxy.ts: 4ms, render: 109ms)
 GET /settings 200 in 117ms (compile: 6ms, proxy.ts: 2ms, render: 109ms)
 GET /dashboard 200 in 90ms (compile: 5ms, proxy.ts: 6ms, render: 79ms)
 GET /login 200 in 82ms (compile: 22ms, proxy.ts: 6ms, render: 54ms)
 GET /profile 200 in 518ms (compile: 24ms, proxy.ts: 28ms, render: 465ms)
 GET /settings 200 in 520ms (compile: 93ms, proxy.ts: 29ms, render: 398ms)
 GET /jobs 200 in 2.0s (compile: 13ms, proxy.ts: 5ms, render: 2.0s)
 GET /jobs 200 in 2.0s (compile: 121ms, proxy.ts: 5ms, render: 1907ms)
 GET /login 200 in 257ms (compile: 171ms, proxy.ts: 13ms, render: 73ms)
 GET /login 200 in 279ms (compile: 29ms, proxy.ts: 16ms, render: 235ms)
 GET /login?redirect=%2Fjobs%2Falerts 200 in 431ms (compile: 184ms, proxy.ts: 9ms, render: 238ms)
 GET /jobs/saved 200 in 715ms (compile: 68ms, proxy.ts: 26ms, render: 621ms)
 GET /login?redirect=%2Fcv%2Fupload 200 in 271ms (compile: 14ms, proxy.ts: 5ms, render: 251ms)
 GET /jobs/saved 200 in 342ms (compile: 7ms, proxy.ts: 5ms, render: 331ms)
 GET /login?redirect=%2Fjobs%2Falerts%2Fnew 200 in 195ms (compile: 5ms, proxy.ts: 4ms, render: 186ms)
 GET /login?redirect=%2Fcv%2F123%2Fimprove 200 in 155ms (compile: 5ms, proxy.ts: 7ms, render: 142ms)
 GET /login?redirect=%2Fcv 200 in 527ms (compile: 9ms, proxy.ts: 8ms, render: 511ms)
 GET /login?redirect=%2Fcv%2Fupload 200 in 406ms (compile: 31ms, proxy.ts: 11ms, render: 364ms)
 GET /login?redirect=%2Fcv%2Fupload 200 in 328ms (compile: 46ms, proxy.ts: 17ms, render: 264ms)
 GET /login?redirect=%2Fcv%2Fupload 200 in 356ms (compile: 17ms, proxy.ts: 5ms, render: 334ms)
 GET /login?redirect=%2Fjobs%2Falerts 200 in 52ms (compile: 4ms, proxy.ts: 1924µs, render: 46ms)
 GET /dashboard 200 in 53ms (compile: 5ms, proxy.ts: 3ms, render: 45ms)
 GET /login 200 in 137ms (compile: 25ms, proxy.ts: 4ms, render: 109ms)
 GET /login?redirect=%2Fcv 200 in 51ms (compile: 4ms, proxy.ts: 1961µs, render: 45ms)
 GET /dashboard 200 in 60ms (compile: 9ms, proxy.ts: 3ms, render: 48ms)
 GET /login 200 in 47ms (compile: 4ms, proxy.ts: 1988µs, render: 41ms)
 GET /login?redirect=%2Fcv 200 in 88ms (compile: 4ms, proxy.ts: 4ms, render: 80ms)
 GET /news 200 in 58ms (compile: 4ms, proxy.ts: 1765µs, render: 52ms)
 GET /news 200 in 213ms (compile: 4ms, proxy.ts: 4ms, render: 204ms)
 GET /login?redirect=%2Fcv 200 in 323ms (compile: 11ms, proxy.ts: 2ms, render: 310ms)
 GET /login?redirect=%2Fcv%2Fupload 200 in 268ms (compile: 15ms, proxy.ts: 9ms, render: 244ms)
 GET /login?redirect=%2Fjobs%2Falerts 200 in 73ms (compile: 4ms, proxy.ts: 7ms, render: 62ms)
 GET /login?redirect=%2Fcv 200 in 38ms (compile: 4ms, proxy.ts: 2ms, render: 33ms)
 GET /news 200 in 158ms (compile: 5ms, proxy.ts: 6ms, render: 146ms)
 GET /news 200 in 161ms (compile: 43ms, proxy.ts: 3ms, render: 116ms)
 GET /learn 200 in 450ms (compile: 5ms, proxy.ts: 3ms, render: 441ms)
 GET /learn 200 in 455ms (compile: 24ms, proxy.ts: 4ms, render: 426ms)
 GET /learn 200 in 229ms (compile: 5ms, proxy.ts: 5ms, render: 218ms)
 GET /learn/javascript 200 in 321ms (compile: 24ms, proxy.ts: 10ms, render: 287ms)
 GET /interview 200 in 165ms (compile: 9ms, proxy.ts: 8ms, render: 147ms)
 GET /learn/javascript/basics 200 in 256ms (compile: 8ms, proxy.ts: 3ms, render: 244ms)
 GET /interview 200 in 338ms (compile: 10ms, proxy.ts: 3ms, render: 326ms)
 GET /learn/javascript 200 in 696ms (compile: 44ms, proxy.ts: 4ms, render: 648ms)
 GET /learn 200 in 370ms (compile: 12ms, proxy.ts: 6ms, render: 352ms)
 GET /interview 200 in 181ms (compile: 4ms, proxy.ts: 4ms, render: 173ms)
 GET /interview 200 in 174ms (compile: 5ms, proxy.ts: 3ms, render: 166ms)
 GET / 200 in 491ms (compile: 6ms, proxy.ts: 4ms, render: 481ms)
 GET / 200 in 422ms (compile: 14ms, proxy.ts: 23ms, render: 386ms)
 GET /interview 200 in 402ms (compile: 61ms, proxy.ts: 6ms, render: 335ms)
 GET /news 200 in 320ms (compile: 9ms, proxy.ts: 7ms, render: 303ms)
 GET / 200 in 53ms (compile: 14ms, proxy.ts: 8ms, render: 30ms)
 GET / 200 in 186ms (compile: 3ms, proxy.ts: 4ms, render: 178ms)
 GET / 200 in 93ms (compile: 11ms, proxy.ts: 14ms, render: 68ms)
 GET /login?redirect=%2Fcv 200 in 261ms (compile: 5ms, proxy.ts: 3ms, render: 252ms)
 GET / 200 in 222ms (compile: 6ms, proxy.ts: 4ms, render: 211ms)
 GET /login 200 in 205ms (compile: 10ms, proxy.ts: 5ms, render: 190ms)
 GET /login 200 in 329ms (compile: 3ms, proxy.ts: 5ms, render: 321ms)
 GET /login?redirect=%2Fcv 200 in 305ms (compile: 12ms, proxy.ts: 10ms, render: 283ms)
 GET /login 200 in 303ms (compile: 12ms, proxy.ts: 3ms, render: 288ms)
 GET /login 200 in 301ms (compile: 7ms, proxy.ts: 5ms, render: 288ms)
 GET /login 200 in 280ms (compile: 10ms, proxy.ts: 5ms, render: 265ms)
 GET /login 200 in 280ms (compile: 26ms, proxy.ts: 3ms, render: 252ms)
 GET /login 200 in 567ms (compile: 17ms, proxy.ts: 10ms, render: 540ms)
 GET /login 200 in 634ms (compile: 24ms, proxy.ts: 65ms, render: 545ms)
 GET / 200 in 517ms (compile: 17ms, proxy.ts: 7ms, render: 492ms)
 GET /login 200 in 532ms (compile: 71ms, proxy.ts: 7ms, render: 454ms)
 GET / 200 in 49ms (compile: 10ms, proxy.ts: 13ms, render: 27ms)
 GET /login 200 in 275ms (compile: 4ms, proxy.ts: 4ms, render: 267ms)
 GET /login 200 in 243ms (compile: 13ms, proxy.ts: 6ms, render: 224ms)
 GET /login 200 in 237ms (compile: 38ms, proxy.ts: 3ms, render: 196ms)
 GET /login 200 in 191ms (compile: 3ms, proxy.ts: 2ms, render: 186ms)
 GET /login 200 in 175ms (compile: 8ms, proxy.ts: 5ms, render: 162ms)
 GET /login?redirect=%2Fcv 200 in 175ms (compile: 10ms, proxy.ts: 7ms, render: 158ms)
 GET /login?redirect=%2Fcv%2Fupload 200 in 130ms (compile: 9ms, proxy.ts: 4ms, render: 117ms)
 GET /login?redirect=%2Fcv 200 in 69ms (compile: 2ms, proxy.ts: 2ms, render: 65ms)
 GET /login?redirect=%2Fcv%2F123%2Fimprove 200 in 78ms (compile: 2ms, proxy.ts: 3ms, render: 73ms)
 GET /login?redirect=%2Fcv%2F123%2Fimprove 200 in 77ms (compile: 3ms, proxy.ts: 3ms, render: 70ms)
 GET /login?redirect=%2Fcv 200 in 227ms (compile: 3ms, proxy.ts: 2ms, render: 222ms)
 GET /login?redirect=%2Fcv 200 in 142ms (compile: 6ms, proxy.ts: 3ms, render: 133ms)
 GET /login?redirect=%2Fcv%2F123%2Fimprove 200 in 153ms (compile: 11ms, proxy.ts: 3ms, render: 139ms)
 GET /login?redirect=%2Fcv%2F123%2Fimprove 200 in 155ms (compile: 10ms, proxy.ts: 30ms, render: 114ms)
 GET /login?redirect=%2Fcv%2F123%2Fimprove 200 in 166ms (compile: 4ms, proxy.ts: 5ms, render: 158ms)
 GET /login?redirect=%2Fcv%2F123%2Fimprove 200 in 167ms (compile: 30ms, proxy.ts: 6ms, render: 131ms)
 GET /login?redirect=%2Fcv 200 in 150ms (compile: 4ms, proxy.ts: 2ms, render: 144ms)
 GET /login?redirect=%2Fcv 200 in 121ms (compile: 3ms, proxy.ts: 8ms, render: 110ms)
 GET /login?redirect=%2Fcv%2F123 200 in 162ms (compile: 8ms, proxy.ts: 6ms, render: 148ms)
 GET /login?redirect=%2Fcv%2F123 200 in 127ms (compile: 4ms, proxy.ts: 6ms, render: 118ms)
 GET /login?redirect=%2Fcv 200 in 57ms (compile: 2ms, proxy.ts: 1687µs, render: 53ms)
 GET /login?redirect=%2Fcv%2Fupload 200 in 63ms (compile: 1758µs, proxy.ts: 1878µs, render: 59ms)
 GET /login?redirect=%2Fcv 200 in 98ms (compile: 3ms, proxy.ts: 1942µs, render: 93ms)
 GET /login?redirect=%2Fcv%2Fupload 200 in 74ms (compile: 3ms, proxy.ts: 3ms, render: 68ms)
 GET /login?redirect=%2Fcv 200 in 83ms (compile: 3ms, proxy.ts: 2ms, render: 79ms)
 GET /login?redirect=%2Fcv%2F123%2Fimprove 200 in 79ms (compile: 8ms, proxy.ts: 3ms, render: 68ms)
 GET /login?redirect=%2Fcv%2F123%2Fimprove 200 in 118ms (compile: 3ms, proxy.ts: 2ms, render: 113ms)
 GET /login?redirect=%2Fcv 200 in 65ms (compile: 2ms, proxy.ts: 1493µs, render: 61ms)
 GET /login?redirect=%2Fcv%2Fupload 200 in 98ms (compile: 1803µs, proxy.ts: 2ms, render: 94ms)
 GET /login?redirect=%2Fcv 200 in 66ms (compile: 2ms, proxy.ts: 1672µs, render: 62ms)
 GET /login?redirect=%2Fcv 200 in 75ms (compile: 3ms, proxy.ts: 3ms, render: 70ms)
 GET /login?redirect=%2Fcv 200 in 122ms (compile: 5ms, proxy.ts: 6ms, render: 111ms)
 GET /login?redirect=%2Fcv 200 in 244ms (compile: 11ms, proxy.ts: 4ms, render: 229ms)
 GET /login?redirect=%2Fcv 200 in 214ms (compile: 10ms, proxy.ts: 6ms, render: 199ms)
 GET /login?redirect=%2Fcv%2F123 200 in 175ms (compile: 5ms, proxy.ts: 2ms, render: 168ms)
 GET /login?redirect=%2Fcv%2F123 200 in 147ms (compile: 6ms, proxy.ts: 5ms, render: 136ms)
 GET /login?redirect=%2Fcv 200 in 100ms (compile: 5ms, proxy.ts: 3ms, render: 92ms)
 GET /login?redirect=%2Fcv 200 in 118ms (compile: 5ms, proxy.ts: 3ms, render: 110ms)
 GET /login?redirect=%2Fcv%2Fupload 200 in 108ms (compile: 7ms, proxy.ts: 1994µs, render: 100ms)
 GET /login?redirect=%2Fcv 200 in 139ms (compile: 10ms, proxy.ts: 4ms, render: 125ms)
 GET /login?redirect=%2Fcv 200 in 79ms (compile: 3ms, proxy.ts: 1858µs, render: 74ms)
 GET /login?redirect=%2Fcv 200 in 61ms (compile: 4ms, proxy.ts: 1564µs, render: 55ms)
 GET /login?redirect=%2Fcv 200 in 60ms (compile: 1533µs, proxy.ts: 1844µs, render: 56ms)
 GET /jobs 200 in 167ms (compile: 4ms, proxy.ts: 2ms, render: 161ms)
 GET /jobs 200 in 351ms (compile: 5ms, proxy.ts: 2ms, render: 344ms)
 GET /login?redirect=%2Fcv 200 in 60ms (compile: 2ms, proxy.ts: 910µs, render: 57ms)
 GET /login?redirect=%2Fcv%2Fupload 200 in 56ms (compile: 3ms, proxy.ts: 1314µs, render: 51ms)
 GET /jobs 200 in 422ms (compile: 2ms, proxy.ts: 2ms, render: 417ms)
 GET /jobs 200 in 329ms (compile: 17ms, proxy.ts: 7ms, render: 305ms)
 GET /jobs 200 in 367ms (compile: 2ms, proxy.ts: 2ms, render: 362ms)
 GET /jobs 200 in 279ms (compile: 4ms, proxy.ts: 6ms, render: 268ms)
 GET /jobs 200 in 479ms (compile: 2ms, proxy.ts: 1986µs, render: 475ms)
 GET /jobs 200 in 465ms (compile: 4ms, proxy.ts: 3ms, render: 458ms)
 GET /jobs 200 in 369ms (compile: 7ms, proxy.ts: 6ms, render: 357ms)
 GET /login?redirect=%2Fjobs%2Falerts 200 in 106ms (compile: 4ms, proxy.ts: 3ms, render: 99ms)
 GET /login?redirect=%2Fjobs%2Falerts 200 in 60ms (compile: 8ms, proxy.ts: 9ms, render: 43ms)
 GET /login?redirect=%2Fjobs%2Falerts 200 in 74ms (compile: 3ms, proxy.ts: 8ms, render: 63ms)
 GET /jobs 200 in 164ms (compile: 3ms, proxy.ts: 1987µs, render: 160ms)
 GET /login?redirect=%2Fjobs%2Falerts 200 in 41ms (compile: 2ms, proxy.ts: 2ms, render: 36ms)
 GET /login?redirect=%2Fjobs%2Falerts 200 in 145ms (compile: 6ms, proxy.ts: 4ms, render: 134ms)
 GET /jobs 200 in 373ms (compile: 8ms, proxy.ts: 3ms, render: 362ms)
 GET /jobs 200 in 157ms (compile: 3ms, proxy.ts: 1477µs, render: 153ms)
 GET /login?redirect=%2Fjobs%2Falerts 200 in 54ms (compile: 3ms, proxy.ts: 3ms, render: 48ms)
 GET /jobs 200 in 187ms (compile: 3ms, proxy.ts: 1888µs, render: 182ms)
 GET /jobs 200 in 200ms (compile: 2ms, proxy.ts: 1904µs, render: 196ms)
 GET /login?redirect=%2Fjobs%2Falerts 200 in 144ms (compile: 3ms, proxy.ts: 1830µs, render: 140ms)
 GET /jobs/saved 200 in 228ms (compile: 7ms, proxy.ts: 3ms, render: 219ms)
 GET /login?redirect=%2Fjobs%2Falerts 200 in 137ms (compile: 4ms, proxy.ts: 3ms, render: 130ms)
 GET /jobs 200 in 433ms (compile: 6ms, proxy.ts: 6ms, render: 421ms)
 GET /jobs/saved 200 in 331ms (compile: 7ms, proxy.ts: 2ms, render: 321ms)
 GET /login?redirect=%2Fcv 200 in 117ms (compile: 8ms, proxy.ts: 2ms, render: 107ms)
 GET /jobs 200 in 225ms (compile: 5ms, proxy.ts: 3ms, render: 217ms)
 GET /login?redirect=%2Fcv%2Fupload 200 in 74ms (compile: 3ms, proxy.ts: 3ms, render: 69ms)
 GET /login?redirect=%2Fjobs%2Falerts 200 in 100ms (compile: 3ms, proxy.ts: 1836µs, render: 96ms)
 GET /dashboard 200 in 125ms (compile: 6ms, proxy.ts: 3ms, render: 116ms)
 GET /login 200 in 121ms (compile: 3ms, proxy.ts: 5ms, render: 113ms)
 GET /profile 200 in 118ms (compile: 7ms, proxy.ts: 6ms, render: 105ms)
 GET /jobs 200 in 308ms (compile: 3ms, proxy.ts: 3ms, render: 302ms)
 GET /login 200 in 31ms (compile: 2ms, proxy.ts: 5ms, render: 23ms)
 GET /jobs/saved 200 in 109ms (compile: 7ms, proxy.ts: 6ms, render: 96ms)
 GET /jobs/saved 200 in 177ms (compile: 3ms, proxy.ts: 1971µs, render: 172ms)
 GET /dashboard 200 in 95ms (compile: 3ms, proxy.ts: 3ms, render: 90ms)
 GET /login 200 in 60ms (compile: 6ms, proxy.ts: 5ms, render: 48ms)
 GET /profile 200 in 79ms (compile: 2ms, proxy.ts: 2ms, render: 75ms)
 GET /login 200 in 35ms (compile: 4ms, proxy.ts: 4ms, render: 27ms)
 GET /jobs 200 in 335ms (compile: 2ms, proxy.ts: 3ms, render: 330ms)
 GET /settings 200 in 160ms (compile: 5ms, proxy.ts: 2ms, render: 152ms)
 GET /login?redirect=%2Fcv%2Fupload 200 in 275ms (compile: 6ms, proxy.ts: 3ms, render: 266ms)
 GET /login 200 in 114ms (compile: 10ms, proxy.ts: 4ms, render: 100ms)
 GET /login?redirect=%2Fjobs%2Falerts 200 in 287ms (compile: 8ms, proxy.ts: 4ms, render: 275ms)
 GET /login?redirect=%2Fjobs%2Falerts%2Fnew 200 in 111ms (compile: 3ms, proxy.ts: 3ms, render: 105ms)
 GET /login?redirect=%2Fcv%2Fupload 200 in 95ms (compile: 3ms, proxy.ts: 1908µs, render: 89ms)
 GET /login?redirect=%2Fcv%2F123%2Fimprove 200 in 174ms (compile: 7ms, proxy.ts: 4ms, render: 163ms)
 GET /settings 200 in 286ms (compile: 16ms, proxy.ts: 5ms, render: 265ms)
 GET /login?redirect=%2Fcv 200 in 283ms (compile: 14ms, proxy.ts: 34ms, render: 236ms)
 GET /login?redirect=%2Fcv%2Fupload 200 in 200ms (compile: 18ms, proxy.ts: 5ms, render: 177ms)
 GET /login 200 in 131ms (compile: 14ms, proxy.ts: 4ms, render: 113ms)
 GET /login?redirect=%2Fcv%2Fupload 200 in 210ms (compile: 16ms, proxy.ts: 6ms, render: 187ms)
 GET /login?redirect=%2Fjobs%2Falerts 200 in 67ms (compile: 3ms, proxy.ts: 1664µs, render: 62ms)
 GET /dashboard 200 in 57ms (compile: 2ms, proxy.ts: 1920µs, render: 53ms)
 GET /login?redirect=%2Fcv 200 in 70ms (compile: 5ms, proxy.ts: 3ms, render: 62ms)
 GET /login?redirect=%2Fcv 200 in 61ms (compile: 3ms, proxy.ts: 1750µs, render: 57ms)
 GET /login?redirect=%2Fcv 200 in 58ms (compile: 2ms, proxy.ts: 1780µs, render: 54ms)
 GET /login?redirect=%2Fcv%2Fupload 200 in 63ms (compile: 2ms, proxy.ts: 964µs, render: 60ms)
 GET /login?redirect=%2Fjobs%2Falerts 200 in 72ms (compile: 5ms, proxy.ts: 2ms, render: 64ms)
 GET /dashboard 200 in 70ms (compile: 3ms, proxy.ts: 1862µs, render: 65ms)
 GET /login 200 in 52ms (compile: 5ms, proxy.ts: 3ms, render: 44ms)
 GET /login?redirect=%2Fcv 200 in 59ms (compile: 3ms, proxy.ts: 1880µs, render: 54ms)
 GET /login?redirect=%2Fcv 200 in 62ms (compile: 3ms, proxy.ts: 1684µs, render: 57ms)
 GET /login?redirect=%2Fcv 200 in 58ms (compile: 5ms, proxy.ts: 1232µs, render: 52ms)
 GET /news 200 in 64ms (compile: 3ms, proxy.ts: 2ms, render: 59ms)
 GET /news 200 in 101ms (compile: 2ms, proxy.ts: 2ms, render: 96ms)
 GET /news 200 in 70ms (compile: 3ms, proxy.ts: 1915µs, render: 65ms)
 GET /learn 200 in 212ms (compile: 4ms, proxy.ts: 2ms, render: 205ms)
 GET /news 200 in 105ms (compile: 5ms, proxy.ts: 4ms, render: 96ms)
 GET /learn 200 in 243ms (compile: 3ms, proxy.ts: 2ms, render: 237ms)
 GET /learn/javascript 200 in 273ms (compile: 14ms, proxy.ts: 4ms, render: 256ms)
 GET /interview 200 in 228ms (compile: 15ms, proxy.ts: 6ms, render: 207ms)
 GET /learn/javascript/basics 200 in 349ms (compile: 15ms, proxy.ts: 7ms, render: 327ms)
 GET /learn 200 in 325ms (compile: 18ms, proxy.ts: 18ms, render: 290ms)
 GET /interview 200 in 77ms (compile: 3ms, proxy.ts: 2ms, render: 72ms)
 GET /interview 200 in 79ms (compile: 3ms, proxy.ts: 3ms, render: 72ms)
 GET /interview 200 in 228ms (compile: 4ms, proxy.ts: 3ms, render: 221ms)
 GET /interview 200 in 214ms (compile: 28ms, proxy.ts: 1232µs, render: 185ms)
 GET /learn 200 in 346ms (compile: 8ms, proxy.ts: 5ms, render: 334ms)
 GET / 200 in 85ms (compile: 4ms, proxy.ts: 4ms, render: 77ms)
 GET / 200 in 79ms (compile: 3ms, proxy.ts: 1984µs, render: 74ms)
 GET / 200 in 104ms (compile: 3ms, proxy.ts: 2ms, render: 99ms)
 GET / 200 in 159ms (compile: 2ms, proxy.ts: 3ms, render: 154ms)
 GET / 200 in 167ms (compile: 7ms, proxy.ts: 26ms, render: 133ms)
 GET /login 200 in 291ms (compile: 10ms, proxy.ts: 10ms, render: 270ms)
 GET /login?redirect=%2Fcv 200 in 295ms (compile: 53ms, proxy.ts: 6ms, render: 236ms)
 GET /login 200 in 290ms (compile: 100ms, proxy.ts: 5ms, render: 185ms)
 GET /login 200 in 300ms (compile: 11ms, proxy.ts: 10ms, render: 279ms)
 GET /login 200 in 276ms (compile: 18ms, proxy.ts: 27ms, render: 231ms)
 GET /login?redirect=%2Fcv 200 in 259ms (compile: 34ms, proxy.ts: 8ms, render: 217ms)
 GET / 200 in 188ms (compile: 2ms, proxy.ts: 3ms, render: 182ms)
 GET /news 200 in 648ms (compile: 12ms, proxy.ts: 8ms, render: 628ms)
 GET /login 200 in 614ms (compile: 15ms, proxy.ts: 14ms, render: 585ms)
 GET /login 200 in 961ms (compile: 36ms, proxy.ts: 6ms, render: 919ms)
 GET /login 200 in 941ms (compile: 10ms, proxy.ts: 6ms, render: 925ms)
 GET /login 200 in 541ms (compile: 39ms, proxy.ts: 67ms, render: 435ms)
 GET /login 200 in 538ms (compile: 100ms, proxy.ts: 60ms, render: 378ms)
 GET /login 200 in 539ms (compile: 125ms, proxy.ts: 62ms, render: 352ms)
 GET /login 200 in 65ms (compile: 5ms, proxy.ts: 4ms, render: 56ms)
 GET /login 200 in 637ms (compile: 12ms, proxy.ts: 18ms, render: 607ms)
 GET /login?redirect=%2Fcv 200 in 377ms (compile: 50ms, proxy.ts: 7ms, render: 320ms)
 GET /login?redirect=%2Fcv 200 in 374ms (compile: 116ms, proxy.ts: 4ms, render: 254ms)
 GET /login?redirect=%2Fcv%2Fupload 200 in 329ms (compile: 12ms, proxy.ts: 8ms, render: 309ms)
 GET /login?redirect=%2Fcv%2F123%2Fimprove 200 in 329ms (compile: 75ms, proxy.ts: 5ms, render: 249ms)
 GET /login?redirect=%2Fcv%2F123%2Fimprove 200 in 114ms (compile: 7ms, proxy.ts: 5ms, render: 102ms)
 GET /login 200 in 134ms (compile: 6ms, proxy.ts: 36ms, render: 92ms)
 GET /login 200 in 121ms (compile: 14ms, proxy.ts: 9ms, render: 98ms)
 GET /login?redirect=%2Fcv 200 in 105ms (compile: 9ms, proxy.ts: 4ms, render: 92ms)
 GET /login?redirect=%2Fcv 200 in 91ms (compile: 4ms, proxy.ts: 6ms, render: 82ms)
 GET /login?redirect=%2Fcv%2F123%2Fimprove 200 in 168ms (compile: 7ms, proxy.ts: 4ms, render: 157ms)
 GET /login?redirect=%2Fcv%2F123%2Fimprove 200 in 159ms (compile: 9ms, proxy.ts: 3ms, render: 147ms)
 GET /login?redirect=%2Fcv%2F123%2Fimprove 200 in 138ms (compile: 17ms, proxy.ts: 6ms, render: 115ms)
 GET /login?redirect=%2Fcv%2F123%2Fimprove 200 in 147ms (compile: 7ms, proxy.ts: 7ms, render: 134ms)
 GET /login?redirect=%2Fcv 200 in 1059ms (compile: 14ms, proxy.ts: 6ms, render: 1038ms)
 GET /login?redirect=%2Fcv 200 in 343ms (compile: 54ms, proxy.ts: 12ms, render: 277ms)
 GET /login?redirect=%2Fcv 200 in 260ms (compile: 20ms, proxy.ts: 7ms, render: 233ms)
 GET /login?redirect=%2Fcv%2Fupload 200 in 518ms (compile: 15ms, proxy.ts: 12ms, render: 490ms)
 GET /login?redirect=%2Fcv%2F123 200 in 379ms (compile: 16ms, proxy.ts: 8ms, render: 356ms)
 GET /login?redirect=%2Fcv%2F123 200 in 300ms (compile: 17ms, proxy.ts: 6ms, render: 276ms)
 GET /login?redirect=%2Fcv 200 in 218ms (compile: 8ms, proxy.ts: 3ms, render: 207ms)
 GET /login?redirect=%2Fcv 200 in 210ms (compile: 10ms, proxy.ts: 8ms, render: 192ms)
 GET /login?redirect=%2Fcv%2F123%2Fimprove 200 in 184ms (compile: 4ms, proxy.ts: 1956µs, render: 178ms)
 GET /login?redirect=%2Fcv%2Fupload 200 in 187ms (compile: 31ms, proxy.ts: 3ms, render: 153ms)
 GET /login?redirect=%2Fcv%2F123%2Fimprove 200 in 134ms (compile: 6ms, proxy.ts: 3ms, render: 125ms)
 GET /login?redirect=%2Fcv 200 in 178ms (compile: 16ms, proxy.ts: 3ms, render: 159ms)
 GET /login?redirect=%2Fcv 200 in 151ms (compile: 9ms, proxy.ts: 15ms, render: 127ms)
 GET /login?redirect=%2Fcv%2Fupload 200 in 153ms (compile: 8ms, proxy.ts: 10ms, render: 135ms)
 GET /login?redirect=%2Fcv 200 in 97ms (compile: 6ms, proxy.ts: 5ms, render: 85ms)
 GET /login?redirect=%2Fcv 200 in 73ms (compile: 6ms, proxy.ts: 4ms, render: 63ms)
 GET /login?redirect=%2Fcv 200 in 427ms (compile: 8ms, proxy.ts: 17ms, render: 401ms)
 GET /login?redirect=%2Fcv 200 in 394ms (compile: 27ms, proxy.ts: 33ms, render: 334ms)
 GET /login?redirect=%2Fcv 200 in 383ms (compile: 51ms, proxy.ts: 19ms, render: 312ms)
 GET /login?redirect=%2Fcv 200 in 381ms (compile: 44ms, proxy.ts: 52ms, render: 285ms)
 GET /login?redirect=%2Fcv 200 in 408ms (compile: 9ms, proxy.ts: 11ms, render: 388ms)
 GET /login?redirect=%2Fcv%2Fupload 200 in 400ms (compile: 40ms, proxy.ts: 5ms, render: 356ms)
 GET /login?redirect=%2Fcv%2F123 200 in 401ms (compile: 74ms, proxy.ts: 4ms, render: 322ms)
 GET /login?redirect=%2Fcv%2F123 200 in 395ms (compile: 75ms, proxy.ts: 17ms, render: 303ms)
 GET /login?redirect=%2Fcv 200 in 109ms (compile: 5ms, proxy.ts: 4ms, render: 101ms)
 GET /login?redirect=%2Fcv 200 in 55ms (compile: 3ms, proxy.ts: 1983µs, render: 49ms)
 GET /login?redirect=%2Fcv 200 in 74ms (compile: 3ms, proxy.ts: 4ms, render: 67ms)
 GET /jobs 200 in 204ms (compile: 5ms, proxy.ts: 2ms, render: 197ms)
 GET /login?redirect=%2Fcv 200 in 114ms (compile: 11ms, proxy.ts: 4ms, render: 98ms)
 GET /login?redirect=%2Fcv%2Fupload 200 in 48ms (compile: 4ms, proxy.ts: 1902µs, render: 42ms)
 GET /jobs 200 in 229ms (compile: 9ms, proxy.ts: 6ms, render: 215ms)
 GET /jobs 200 in 1022ms (compile: 4ms, proxy.ts: 57ms, render: 960ms)
 GET /jobs 200 in 992ms (compile: 299ms, proxy.ts: 5ms, render: 688ms)
 GET /jobs 200 in 994ms (compile: 382ms, proxy.ts: 7ms, render: 606ms)
 GET /jobs 200 in 690ms (compile: 7ms, proxy.ts: 8ms, render: 675ms)
 GET /jobs 200 in 428ms (compile: 6ms, proxy.ts: 7ms, render: 415ms)
 GET /jobs 200 in 830ms (compile: 6ms, proxy.ts: 5ms, render: 819ms)
 GET /jobs 200 in 725ms (compile: 8ms, proxy.ts: 4ms, render: 712ms)
 GET /login?redirect=%2Fjobs%2Falerts 200 in 483ms (compile: 36ms, proxy.ts: 9ms, render: 437ms)
 GET /login?redirect=%2Fjobs%2Falerts 200 in 473ms (compile: 179ms, proxy.ts: 15ms, render: 279ms)
 GET /jobs 200 in 878ms (compile: 9ms, proxy.ts: 11ms, render: 858ms)
 GET /login?redirect=%2Fjobs%2Falerts 200 in 515ms (compile: 17ms, proxy.ts: 43ms, render: 456ms)
 GET /login?redirect=%2Fjobs%2Falerts 200 in 483ms (compile: 185ms, proxy.ts: 11ms, render: 287ms)
 GET /jobs 200 in 446ms (compile: 24ms, proxy.ts: 15ms, render: 408ms)
 GET /login?redirect=%2Fjobs%2Falerts 200 in 123ms (compile: 3ms, proxy.ts: 3ms, render: 116ms)
 GET /jobs 200 in 914ms (compile: 12ms, proxy.ts: 5ms, render: 897ms)
 GET /jobs 200 in 918ms (compile: 249ms, proxy.ts: 9ms, render: 660ms)
 GET /login?redirect=%2Fjobs%2Falerts 200 in 340ms (compile: 16ms, proxy.ts: 37ms, render: 287ms)
 GET /jobs 200 in 975ms (compile: 8ms, proxy.ts: 4ms, render: 963ms)
 GET /login?redirect=%2Fcv 200 in 274ms (compile: 5ms, proxy.ts: 8ms, render: 262ms)
 GET /login?redirect=%2Fcv%2Fupload 200 in 319ms (compile: 16ms, proxy.ts: 8ms, render: 295ms)
 GET /jobs 200 in 806ms (compile: 10ms, proxy.ts: 6ms, render: 789ms)
 GET /login?redirect=%2Fjobs%2Falerts 200 in 1613ms (compile: 9ms, proxy.ts: 6ms, render: 1597ms)
 GET /login?redirect=%2Fjobs%2Falerts 200 in 1638ms (compile: 104ms, proxy.ts: 4ms, render: 1531ms)
 GET /dashboard 200 in 943ms (compile: 107ms, proxy.ts: 65ms, render: 771ms)
 GET /jobs 200 in 2.7s (compile: 5ms, proxy.ts: 4ms, render: 2.7s)
 GET /login?redirect=%2Fjobs%2Falerts 200 in 429ms (compile: 18ms, proxy.ts: 29ms, render: 383ms)
 GET /profile 200 in 254ms (compile: 30ms, proxy.ts: 26ms, render: 199ms)
 GET /jobs/saved 200 in 601ms (compile: 26ms, proxy.ts: 8ms, render: 567ms)
 GET /settings 200 in 131ms (compile: 16ms, proxy.ts: 5ms, render: 110ms)
 GET /jobs/saved 200 in 337ms (compile: 7ms, proxy.ts: 8ms, render: 322ms)
 GET /dashboard 200 in 320ms (compile: 5ms, proxy.ts: 3ms, render: 312ms)
 GET /login 200 in 160ms (compile: 5ms, proxy.ts: 16ms, render: 139ms)
 GET /jobs 200 in 984ms (compile: 10ms, proxy.ts: 5ms, render: 969ms)
 GET /profile 200 in 213ms (compile: 9ms, proxy.ts: 5ms, render: 199ms)
 GET /login?redirect=%2Fjobs%2Falerts 200 in 335ms (compile: 21ms, proxy.ts: 12ms, render: 302ms)
 GET /login 200 in 208ms (compile: 25ms, proxy.ts: 7ms, render: 176ms)
 GET /settings 200 in 542ms (compile: 28ms, proxy.ts: 10ms, render: 504ms)
 GET /jobs 200 in 737ms (compile: 13ms, proxy.ts: 5ms, render: 718ms)
 GET /login 200 in 64ms (compile: 6ms, proxy.ts: 7ms, render: 51ms)
 GET /jobs/saved 200 in 261ms (compile: 6ms, proxy.ts: 3ms, render: 252ms)
 GET /jobs/saved 200 in 594ms (compile: 4ms, proxy.ts: 3ms, render: 586ms)
 GET /login?redirect=%2Fcv%2Fupload 200 in 143ms (compile: 10ms, proxy.ts: 4ms, render: 129ms)
 GET /login?redirect=%2Fjobs%2Falerts%2Fnew 200 in 243ms (compile: 9ms, proxy.ts: 7ms, render: 227ms)
 GET /login?redirect=%2Fcv%2F123%2Fimprove 200 in 146ms (compile: 7ms, proxy.ts: 3ms, render: 136ms)
 GET /login?redirect=%2Fcv 200 in 133ms (compile: 3ms, proxy.ts: 2ms, render: 128ms)
 GET /login?redirect=%2Fcv%2Fupload 200 in 282ms (compile: 7ms, proxy.ts: 6ms, render: 269ms)
 GET /login?redirect=%2Fcv%2Fupload 200 in 216ms (compile: 5ms, proxy.ts: 5ms, render: 206ms)
 GET /login?redirect=%2Fcv%2Fupload 200 in 235ms (compile: 13ms, proxy.ts: 4ms, render: 218ms)
 GET /login?redirect=%2Fjobs%2Falerts 200 in 73ms (compile: 5ms, proxy.ts: 3ms, render: 65ms)
 GET /dashboard 200 in 132ms (compile: 16ms, proxy.ts: 6ms, render: 110ms)
 GET /login?redirect=%2Fcv 200 in 148ms (compile: 9ms, proxy.ts: 5ms, render: 134ms)
 GET /login?redirect=%2Fcv 200 in 66ms (compile: 5ms, proxy.ts: 4ms, render: 57ms)
 GET /login 200 in 113ms (compile: 12ms, proxy.ts: 14ms, render: 86ms)
 GET /dashboard 200 in 47ms (compile: 3ms, proxy.ts: 1913µs, render: 42ms)
 GET /login 200 in 84ms (compile: 3ms, proxy.ts: 3ms, render: 77ms)
 GET /login?redirect=%2Fcv 200 in 72ms (compile: 6ms, proxy.ts: 10ms, render: 56ms)
 GET /login?redirect=%2Fcv 200 in 296ms (compile: 53ms, proxy.ts: 19ms, render: 224ms)
 GET /login?redirect=%2Fcv%2Fupload 200 in 288ms (compile: 8ms, proxy.ts: 5ms, render: 275ms)
 GET /news 200 in 171ms (compile: 11ms, proxy.ts: 8ms, render: 152ms)
 GET /news 200 in 201ms (compile: 4ms, proxy.ts: 4ms, render: 194ms)
 GET /login?redirect=%2Fjobs%2Falerts 200 in 202ms (compile: 16ms, proxy.ts: 6ms, render: 179ms)
 GET /login?redirect=%2Fcv 200 in 110ms (compile: 9ms, proxy.ts: 4ms, render: 97ms)
 GET /news 200 in 117ms (compile: 14ms, proxy.ts: 17ms, render: 85ms)
 GET /news 200 in 96ms (compile: 4ms, proxy.ts: 2ms, render: 89ms)
 GET /learn 200 in 126ms (compile: 7ms, proxy.ts: 2ms, render: 117ms)
 GET /learn 200 in 245ms (compile: 6ms, proxy.ts: 3ms, render: 236ms)
 GET /learn 200 in 192ms (compile: 12ms, proxy.ts: 9ms, render: 171ms)
 GET /interview 200 in 184ms (compile: 9ms, proxy.ts: 9ms, render: 166ms)
 GET /learn/javascript/basics 200 in 269ms (compile: 12ms, proxy.ts: 4ms, render: 254ms)
 GET /interview 200 in 75ms (compile: 4ms, proxy.ts: 5ms, render: 65ms)
 GET /interview 200 in 214ms (compile: 10ms, proxy.ts: 5ms, render: 199ms)
 GET /learn/javascript 200 in 379ms (compile: 16ms, proxy.ts: 4ms, render: 358ms)
 GET / 200 in 341ms (compile: 15ms, proxy.ts: 6ms, render: 320ms)
 GET / 200 in 345ms (compile: 79ms, proxy.ts: 11ms, render: 255ms)
 GET /interview 200 in 202ms (compile: 7ms, proxy.ts: 5ms, render: 190ms)
 GET / 200 in 266ms (compile: 7ms, proxy.ts: 8ms, render: 251ms)
 GET / 200 in 272ms (compile: 61ms, proxy.ts: 9ms, render: 202ms)
 GET /interview 200 in 181ms (compile: 7ms, proxy.ts: 4ms, render: 170ms)
 GET /news 200 in 47ms (compile: 3ms, proxy.ts: 7ms, render: 36ms)
 GET / 200 in 60ms (compile: 4ms, proxy.ts: 4ms, render: 52ms)
 GET /login 200 in 131ms (compile: 18ms, proxy.ts: 41ms, render: 72ms)
