
> cv-optimizer@0.1.0 dev
> next dev

 ⚠ Warning: Next.js inferred your workspace root, but it may not be correct.
 We detected multiple lockfiles and selected the directory of /Users/raufaliyev/package-lock.json as the root directory.
 To silence this warning, set `turbopack.root` in your Next.js config, or consider removing one of the lockfiles if it's not needed.
   See https://nextjs.org/docs/app/api-reference/config/next-config-js/turbopack#root-directory for more information.
 Detected additional lockfiles: 
   * /Users/raufaliyev/IdeaProjects/devbuddy/devbuddy-frontend/pnpm-lock.yaml

   ▲ Next.js 16.0.3 (Turbopack)
   - Local:         http://localhost:3000
   - Network:       http://192.168.31.177:3000
   - Environments: .env.local

 ✓ Starting...
 ⚠ The "middleware" file convention is deprecated. Please use "proxy" instead. Learn more: https://nextjs.org/docs/messages/middleware-to-proxy
 ✓ Ready in 1325ms
 GET / 200 in 2.6s (compile: 2.3s, proxy.ts: 62ms, render: 154ms)
 GET / 200 in 2.6s (compile: 2.3s, proxy.ts: 57ms, render: 221ms)
 GET / 200 in 55ms (compile: 5ms, proxy.ts: 7ms, render: 44ms)
 GET / 200 in 75ms (compile: 12ms, proxy.ts: 9ms, render: 54ms)
 ⨯ ./IdeaProjects/devbuddy/devbuddy-frontend/src/components/auth/EmailPasswordForm.tsx:7:1
Module not found: Can't resolve '@/components/ui/label'
[0m [90m  5 |[39m [36mimport[39m { [33mButton[39m } [36mfrom[39m [32m'@/components/ui/button'[39m
 [90m  6 |[39m [36mimport[39m { [33mInput[39m } [36mfrom[39m [32m'@/components/ui/input'[39m
[31m[1m>[22m[39m[90m  7 |[39m [36mimport[39m { [33mLabel[39m } [36mfrom[39m [32m'@/components/ui/label'[39m
 [90m    |[39m [31m[1m^[22m[39m[31m[1m^[22m[39m[31m[1m^[22m[39m[31m[1m^[22m[39m[31m[1m^[22m[39m[31m[1m^[22m[39m[31m[1m^[22m[39m[31m[1m^[22m[39m[31m[1m^[22m[39m[31m[1m^[22m[39m[31m[1m^[22m[39m[31m[1m^[22m[39m[31m[1m^[22m[39m[31m[1m^[22m[39m[31m[1m^[22m[39m[31m[1m^[22m[39m[31m[1m^[22m[39m[31m[1m^[22m[39m[31m[1m^[22m[39m[31m[1m^[22m[39m[31m[1m^[22m[39m[31m[1m^[22m[39m[31m[1m^[22m[39m[31m[1m^[22m[39m[31m[1m^[22m[39m[31m[1m^[22m[39m[31m[1m^[22m[39m[31m[1m^[22m[39m[31m[1m^[22m[39m[31m[1m^[22m[39m[31m[1m^[22m[39m[31m[1m^[22m[39m[31m[1m^[22m[39m[31m[1m^[22m[39m[31m[1m^[22m[39m[31m[1m^[22m[39m[31m[1m^[22m[39m[31m[1m^[22m[39m[31m[1m^[22m[39m[31m[1m^[22m[39m[31m[1m^[22m[39m[31m[1m^[22m[39m[31m[1m^[22m[39m[31m[1m^[22m[39m[31m[1m^[22m[39m
 [90m  8 |[39m [36mimport[39m { [33mIcons[39m } [36mfrom[39m [32m'@/components/ui/icons'[39m
 [90m  9 |[39m
 [90m 10 |[39m [36minterface[39m [33mEmailPasswordFormProps[39m {[0m

Import map: aliased to relative './src/components/ui/label' inside of [project]/IdeaProjects/devbuddy/devbuddy-frontend


Import traces:
  Client Component Browser:
    ./IdeaProjects/devbuddy/devbuddy-frontend/src/components/auth/EmailPasswordForm.tsx [Client Component Browser]
    ./IdeaProjects/devbuddy/devbuddy-frontend/src/app/login/page.tsx [Client Component Browser]
    ./IdeaProjects/devbuddy/devbuddy-frontend/src/app/login/page.tsx [Server Component]

  Client Component SSR:
    ./IdeaProjects/devbuddy/devbuddy-frontend/src/components/auth/EmailPasswordForm.tsx [Client Component SSR]
    ./IdeaProjects/devbuddy/devbuddy-frontend/src/app/login/page.tsx [Client Component SSR]
    ./IdeaProjects/devbuddy/devbuddy-frontend/src/app/login/page.tsx [Server Component]

https://nextjs.org/docs/messages/module-not-found


 GET /login 500 in 995ms (compile: 909ms, proxy.ts: 6ms, render: 80ms)
 ⨯ ./IdeaProjects/devbuddy/devbuddy-frontend/src/components/ui/label.tsx:4:1
Module not found: Can't resolve '@radix-ui/react-label'
[0m [90m 2 |[39m
 [90m 3 |[39m [36mimport[39m [33m*[39m [36mas[39m [33mReact[39m [36mfrom[39m [32m"react"[39m
[31m[1m>[22m[39m[90m 4 |[39m [36mimport[39m [33m*[39m [36mas[39m [33mLabelPrimitive[39m [36mfrom[39m [32m"@radix-ui/react-label"[39m
 [90m   |[39m [31m[1m^[22m[39m[31m[1m^[22m[39m[31m[1m^[22m[39m[31m[1m^[22m[39m[31m[1m^[22m[39m[31m[1m^[22m[39m[31m[1m^[22m[39m[31m[1m^[22m[39m[31m[1m^[22m[39m[31m[1m^[22m[39m[31m[1m^[22m[39m[31m[1m^[22m[39m[31m[1m^[22m[39m[31m[1m^[22m[39m[31m[1m^[22m[39m[31m[1m^[22m[39m[31m[1m^[22m[39m[31m[1m^[22m[39m[31m[1m^[22m[39m[31m[1m^[22m[39m[31m[1m^[22m[39m[31m[1m^[22m[39m[31m[1m^[22m[39m[31m[1m^[22m[39m[31m[1m^[22m[39m[31m[1m^[22m[39m[31m[1m^[22m[39m[31m[1m^[22m[39m[31m[1m^[22m[39m[31m[1m^[22m[39m[31m[1m^[22m[39m[31m[1m^[22m[39m[31m[1m^[22m[39m[31m[1m^[22m[39m[31m[1m^[22m[39m[31m[1m^[22m[39m[31m[1m^[22m[39m[31m[1m^[22m[39m[31m[1m^[22m[39m[31m[1m^[22m[39m[31m[1m^[22m[39m[31m[1m^[22m[39m[31m[1m^[22m[39m[31m[1m^[22m[39m[31m[1m^[22m[39m[31m[1m^[22m[39m[31m[1m^[22m[39m[31m[1m^[22m[39m[31m[1m^[22m[39m[31m[1m^[22m[39m[31m[1m^[22m[39m[31m[1m^[22m[39m[31m[1m^[22m[39m[31m[1m^[22m[39m[31m[1m^[22m[39m
 [90m 5 |[39m [36mimport[39m { cva[33m,[39m type [33mVariantProps[39m } [36mfrom[39m [32m"class-variance-authority"[39m
 [90m 6 |[39m
 [90m 7 |[39m [36mimport[39m { cn } [36mfrom[39m [32m"@/lib/utils"[39m[0m



Import traces:
  Client Component Browser:
    ./IdeaProjects/devbuddy/devbuddy-frontend/src/components/ui/label.tsx [Client Component Browser]
    ./IdeaProjects/devbuddy/devbuddy-frontend/src/components/auth/EmailPasswordForm.tsx [Client Component Browser]
    ./IdeaProjects/devbuddy/devbuddy-frontend/src/app/login/page.tsx [Client Component Browser]
    ./IdeaProjects/devbuddy/devbuddy-frontend/src/app/login/page.tsx [Server Component]

  Client Component SSR:
    ./IdeaProjects/devbuddy/devbuddy-frontend/src/components/ui/label.tsx [Client Component SSR]
    ./IdeaProjects/devbuddy/devbuddy-frontend/src/components/auth/EmailPasswordForm.tsx [Client Component SSR]
    ./IdeaProjects/devbuddy/devbuddy-frontend/src/app/login/page.tsx [Client Component SSR]
    ./IdeaProjects/devbuddy/devbuddy-frontend/src/app/login/page.tsx [Server Component]

https://nextjs.org/docs/messages/module-not-found


 ⨯ ./IdeaProjects/devbuddy/devbuddy-frontend/src/components/ui/label.tsx:4:1
Module not found: Can't resolve '@radix-ui/react-label'
[0m [90m 2 |[39m
 [90m 3 |[39m [36mimport[39m [33m*[39m [36mas[39m [33mReact[39m [36mfrom[39m [32m"react"[39m
[31m[1m>[22m[39m[90m 4 |[39m [36mimport[39m [33m*[39m [36mas[39m [33mLabelPrimitive[39m [36mfrom[39m [32m"@radix-ui/react-label"[39m
 [90m   |[39m [31m[1m^[22m[39m[31m[1m^[22m[39m[31m[1m^[22m[39m[31m[1m^[22m[39m[31m[1m^[22m[39m[31m[1m^[22m[39m[31m[1m^[22m[39m[31m[1m^[22m[39m[31m[1m^[22m[39m[31m[1m^[22m[39m[31m[1m^[22m[39m[31m[1m^[22m[39m[31m[1m^[22m[39m[31m[1m^[22m[39m[31m[1m^[22m[39m[31m[1m^[22m[39m[31m[1m^[22m[39m[31m[1m^[22m[39m[31m[1m^[22m[39m[31m[1m^[22m[39m[31m[1m^[22m[39m[31m[1m^[22m[39m[31m[1m^[22m[39m[31m[1m^[22m[39m[31m[1m^[22m[39m[31m[1m^[22m[39m[31m[1m^[22m[39m[31m[1m^[22m[39m[31m[1m^[22m[39m[31m[1m^[22m[39m[31m[1m^[22m[39m[31m[1m^[22m[39m[31m[1m^[22m[39m[31m[1m^[22m[39m[31m[1m^[22m[39m[31m[1m^[22m[39m[31m[1m^[22m[39m[31m[1m^[22m[39m[31m[1m^[22m[39m[31m[1m^[22m[39m[31m[1m^[22m[39m[31m[1m^[22m[39m[31m[1m^[22m[39m[31m[1m^[22m[39m[31m[1m^[22m[39m[31m[1m^[22m[39m[31m[1m^[22m[39m[31m[1m^[22m[39m[31m[1m^[22m[39m[31m[1m^[22m[39m[31m[1m^[22m[39m[31m[1m^[22m[39m[31m[1m^[22m[39m[31m[1m^[22m[39m[31m[1m^[22m[39m
 [90m 5 |[39m [36mimport[39m { cva[33m,[39m type [33mVariantProps[39m } [36mfrom[39m [32m"class-variance-authority"[39m
 [90m 6 |[39m
 [90m 7 |[39m [36mimport[39m { cn } [36mfrom[39m [32m"@/lib/utils"[39m[0m



Import traces:
  Client Component Browser:
    ./IdeaProjects/devbuddy/devbuddy-frontend/src/components/ui/label.tsx [Client Component Browser]
    ./IdeaProjects/devbuddy/devbuddy-frontend/src/components/auth/EmailPasswordForm.tsx [Client Component Browser]
    ./IdeaProjects/devbuddy/devbuddy-frontend/src/app/login/page.tsx [Client Component Browser]
    ./IdeaProjects/devbuddy/devbuddy-frontend/src/app/login/page.tsx [Server Component]

  Client Component SSR:
    ./IdeaProjects/devbuddy/devbuddy-frontend/src/components/ui/label.tsx [Client Component SSR]
    ./IdeaProjects/devbuddy/devbuddy-frontend/src/components/auth/EmailPasswordForm.tsx [Client Component SSR]
    ./IdeaProjects/devbuddy/devbuddy-frontend/src/app/login/page.tsx [Client Component SSR]
    ./IdeaProjects/devbuddy/devbuddy-frontend/src/app/login/page.tsx [Server Component]

https://nextjs.org/docs/messages/module-not-found


 ⨯ ./IdeaProjects/devbuddy/devbuddy-frontend/src/components/ui/label.tsx:4:1
Module not found: Can't resolve '@radix-ui/react-label'
[0m [90m 2 |[39m
 [90m 3 |[39m [36mimport[39m [33m*[39m [36mas[39m [33mReact[39m [36mfrom[39m [32m"react"[39m
[31m[1m>[22m[39m[90m 4 |[39m [36mimport[39m [33m*[39m [36mas[39m [33mLabelPrimitive[39m [36mfrom[39m [32m"@radix-ui/react-label"[39m
 [90m   |[39m [31m[1m^[22m[39m[31m[1m^[22m[39m[31m[1m^[22m[39m[31m[1m^[22m[39m[31m[1m^[22m[39m[31m[1m^[22m[39m[31m[1m^[22m[39m[31m[1m^[22m[39m[31m[1m^[22m[39m[31m[1m^[22m[39m[31m[1m^[22m[39m[31m[1m^[22m[39m[31m[1m^[22m[39m[31m[1m^[22m[39m[31m[1m^[22m[39m[31m[1m^[22m[39m[31m[1m^[22m[39m[31m[1m^[22m[39m[31m[1m^[22m[39m[31m[1m^[22m[39m[31m[1m^[22m[39m[31m[1m^[22m[39m[31m[1m^[22m[39m[31m[1m^[22m[39m[31m[1m^[22m[39m[31m[1m^[22m[39m[31m[1m^[22m[39m[31m[1m^[22m[39m[31m[1m^[22m[39m[31m[1m^[22m[39m[31m[1m^[22m[39m[31m[1m^[22m[39m[31m[1m^[22m[39m[31m[1m^[22m[39m[31m[1m^[22m[39m[31m[1m^[22m[39m[31m[1m^[22m[39m[31m[1m^[22m[39m[31m[1m^[22m[39m[31m[1m^[22m[39m[31m[1m^[22m[39m[31m[1m^[22m[39m[31m[1m^[22m[39m[31m[1m^[22m[39m[31m[1m^[22m[39m[31m[1m^[22m[39m[31m[1m^[22m[39m[31m[1m^[22m[39m[31m[1m^[22m[39m[31m[1m^[22m[39m[31m[1m^[22m[39m[31m[1m^[22m[39m[31m[1m^[22m[39m[31m[1m^[22m[39m[31m[1m^[22m[39m
 [90m 5 |[39m [36mimport[39m { cva[33m,[39m type [33mVariantProps[39m } [36mfrom[39m [32m"class-variance-authority"[39m
 [90m 6 |[39m
 [90m 7 |[39m [36mimport[39m { cn } [36mfrom[39m [32m"@/lib/utils"[39m[0m



Import traces:
  Client Component Browser:
    ./IdeaProjects/devbuddy/devbuddy-frontend/src/components/ui/label.tsx [Client Component Browser]
    ./IdeaProjects/devbuddy/devbuddy-frontend/src/components/auth/EmailPasswordForm.tsx [Client Component Browser]
    ./IdeaProjects/devbuddy/devbuddy-frontend/src/app/login/page.tsx [Client Component Browser]
    ./IdeaProjects/devbuddy/devbuddy-frontend/src/app/login/page.tsx [Server Component]

  Client Component SSR:
    ./IdeaProjects/devbuddy/devbuddy-frontend/src/components/ui/label.tsx [Client Component SSR]
    ./IdeaProjects/devbuddy/devbuddy-frontend/src/components/auth/EmailPasswordForm.tsx [Client Component SSR]
    ./IdeaProjects/devbuddy/devbuddy-frontend/src/app/login/page.tsx [Client Component SSR]
    ./IdeaProjects/devbuddy/devbuddy-frontend/src/app/login/page.tsx [Server Component]

https://nextjs.org/docs/messages/module-not-found


 ⨯ ./IdeaProjects/devbuddy/devbuddy-frontend/src/components/ui/label.tsx:4:1
Module not found: Can't resolve '@radix-ui/react-label'
[0m [90m 2 |[39m
 [90m 3 |[39m [36mimport[39m [33m*[39m [36mas[39m [33mReact[39m [36mfrom[39m [32m"react"[39m
[31m[1m>[22m[39m[90m 4 |[39m [36mimport[39m [33m*[39m [36mas[39m [33mLabelPrimitive[39m [36mfrom[39m [32m"@radix-ui/react-label"[39m
 [90m   |[39m [31m[1m^[22m[39m[31m[1m^[22m[39m[31m[1m^[22m[39m[31m[1m^[22m[39m[31m[1m^[22m[39m[31m[1m^[22m[39m[31m[1m^[22m[39m[31m[1m^[22m[39m[31m[1m^[22m[39m[31m[1m^[22m[39m[31m[1m^[22m[39m[31m[1m^[22m[39m[31m[1m^[22m[39m[31m[1m^[22m[39m[31m[1m^[22m[39m[31m[1m^[22m[39m[31m[1m^[22m[39m[31m[1m^[22m[39m[31m[1m^[22m[39m[31m[1m^[22m[39m[31m[1m^[22m[39m[31m[1m^[22m[39m[31m[1m^[22m[39m[31m[1m^[22m[39m[31m[1m^[22m[39m[31m[1m^[22m[39m[31m[1m^[22m[39m[31m[1m^[22m[39m[31m[1m^[22m[39m[31m[1m^[22m[39m[31m[1m^[22m[39m[31m[1m^[22m[39m[31m[1m^[22m[39m[31m[1m^[22m[39m[31m[1m^[22m[39m[31m[1m^[22m[39m[31m[1m^[22m[39m[31m[1m^[22m[39m[31m[1m^[22m[39m[31m[1m^[22m[39m[31m[1m^[22m[39m[31m[1m^[22m[39m[31m[1m^[22m[39m[31m[1m^[22m[39m[31m[1m^[22m[39m[31m[1m^[22m[39m[31m[1m^[22m[39m[31m[1m^[22m[39m[31m[1m^[22m[39m[31m[1m^[22m[39m[31m[1m^[22m[39m[31m[1m^[22m[39m[31m[1m^[22m[39m[31m[1m^[22m[39m[31m[1m^[22m[39m
 [90m 5 |[39m [36mimport[39m { cva[33m,[39m type [33mVariantProps[39m } [36mfrom[39m [32m"class-variance-authority"[39m
 [90m 6 |[39m
 [90m 7 |[39m [36mimport[39m { cn } [36mfrom[39m [32m"@/lib/utils"[39m[0m



Import traces:
  Client Component Browser:
    ./IdeaProjects/devbuddy/devbuddy-frontend/src/components/ui/label.tsx [Client Component Browser]
    ./IdeaProjects/devbuddy/devbuddy-frontend/src/components/auth/EmailPasswordForm.tsx [Client Component Browser]
    ./IdeaProjects/devbuddy/devbuddy-frontend/src/app/login/page.tsx [Client Component Browser]
    ./IdeaProjects/devbuddy/devbuddy-frontend/src/app/login/page.tsx [Server Component]

  Client Component SSR:
    ./IdeaProjects/devbuddy/devbuddy-frontend/src/components/ui/label.tsx [Client Component SSR]
    ./IdeaProjects/devbuddy/devbuddy-frontend/src/components/auth/EmailPasswordForm.tsx [Client Component SSR]
    ./IdeaProjects/devbuddy/devbuddy-frontend/src/app/login/page.tsx [Client Component SSR]
    ./IdeaProjects/devbuddy/devbuddy-frontend/src/app/login/page.tsx [Server Component]

https://nextjs.org/docs/messages/module-not-found


 ✓ Compiled in 525ms
