Starting database from backup...
supabase_db_devbuddy-frontend container logs:
The files belonging to this database system will be owned by user "postgres".
This user must also own the server process.

Using language tag "en-US" for ICU locale "en_US.UTF-8".
The database cluster will be initialized with this locale configuration:
  locale provider:   icu
  default collation: en-US
  LC_COLLATE:  en_US.UTF-8
  LC_CTYPE:    en_US.UTF-8
  LC_MESSAGES: en_US.UTF-8
  LC_MONETARY: en_US.UTF-8
  LC_NUMERIC:  en_US.UTF-8
  LC_TIME:     en_US.UTF-8
The default text search configuration will be set to "english".

Data page checksums are disabled.

fixing permissions on existing directory /var/lib/postgresql/data ... ok
initdb: error: could not create directory "/var/lib/postgresql/data/pg_wal": No space left on device
initdb: removing contents of data directory "/var/lib/postgresql/data"
The files belonging to this database system will be owned by user "postgres".
This user must also own the server process.

Using language tag "en-US" for ICU locale "en_US.UTF-8".
The database cluster will be initialized with this locale configuration:
  locale provider:   icu
  default collation: en-US
  LC_COLLATE:  en_US.UTF-8
  LC_CTYPE:    en_US.UTF-8
  LC_MESSAGES: en_US.UTF-8
  LC_MONETARY: en_US.UTF-8
  LC_NUMERIC:  en_US.UTF-8
  LC_TIME:     en_US.UTF-8
The default text search configuration will be set to "english".

Data page checksums are disabled.

fixing permissions on existing directory /var/lib/postgresql/data ... ok
initdb: error: could not create directory "/var/lib/postgresql/data/pg_wal": No space left on device
initdb: removing contents of data directory "/var/lib/postgresql/data"
initdb: error: could not create directory "/var/lib/postgresql/data/pg_wal": No space left on device
initdb: removing contents of data directory "/var/lib/postgresql/data"
The files belonging to this database system will be owned by user "postgres".
This user must also own the server process.

Using language tag "en-US" for ICU locale "en_US.UTF-8".
The database cluster will be initialized with this locale configuration:
  locale provider:   icu
  default collation: en-US
  LC_COLLATE:  en_US.UTF-8
  LC_CTYPE:    en_US.UTF-8
  LC_MESSAGES: en_US.UTF-8
  LC_MONETARY: en_US.UTF-8
  LC_NUMERIC:  en_US.UTF-8
  LC_TIME:     en_US.UTF-8
The default text search configuration will be set to "english".

Data page checksums are disabled.

fixing permissions on existing directory /var/lib/postgresql/data ... ok
The files belonging to this database system will be owned by user "postgres".
This user must also own the server process.

Using language tag "en-US" for ICU locale "en_US.UTF-8".
The database cluster will be initialized with this locale configuration:
  locale provider:   icu
  default collation: en-US
  LC_COLLATE:  en_US.UTF-8
  LC_CTYPE:    en_US.UTF-8
  LC_MESSAGES: en_US.UTF-8
  LC_MONETARY: en_US.UTF-8
  LC_NUMERIC:  en_US.UTF-8
  LC_TIME:     en_US.UTF-8
The default text search configuration will be set to "english".

Data page checksums are disabled.

fixing permissions on existing directory /var/lib/postgresql/data ... ok
initdb: error: could not create directory "/var/lib/postgresql/data/pg_wal": No space left on device
initdb: removing contents of data directory "/var/lib/postgresql/data"
The files belonging to this database system will be owned by user "postgres".
This user must also own the server process.

Using language tag "en-US" for ICU locale "en_US.UTF-8".
The database cluster will be initialized with this locale configuration:
  locale provider:   icu
  default collation: en-US
  LC_COLLATE:  en_US.UTF-8
  LC_CTYPE:    en_US.UTF-8
  LC_MESSAGES: en_US.UTF-8
  LC_MONETARY: en_US.UTF-8
  LC_NUMERIC:  en_US.UTF-8
  LC_TIME:     en_US.UTF-8
The default text search configuration will be set to "english".

Data page checksums are disabled.

fixing permissions on existing directory /var/lib/postgresql/data ... ok
initdb: error: could not create directory "/var/lib/postgresql/data/pg_wal": No space left on device
initdb: removing contents of data directory "/var/lib/postgresql/data"
The files belonging to this database system will be owned by user "postgres".
This user must also own the server process.

Using language tag "en-US" for ICU locale "en_US.UTF-8".
The database cluster will be initialized with this locale configuration:
  locale provider:   icu
  default collation: en-US
  LC_COLLATE:  en_US.UTF-8
  LC_CTYPE:    en_US.UTF-8
  LC_MESSAGES: en_US.UTF-8
  LC_MONETARY: en_US.UTF-8
  LC_NUMERIC:  en_US.UTF-8
  LC_TIME:     en_US.UTF-8
The default text search configuration will be set to "english".

Data page checksums are disabled.

fixing permissions on existing directory /var/lib/postgresql/data ... ok
initdb: error: could not create directory "/var/lib/postgresql/data/pg_wal": No space left on device
initdb: removing contents of data directory "/var/lib/postgresql/data"
The files belonging to this database system will be owned by user "postgres".
This user must also own the server process.

Using language tag "en-US" for ICU locale "en_US.UTF-8".
The database cluster will be initialized with this locale configuration:
  locale provider:   icu
  default collation: en-US
  LC_COLLATE:  en_US.UTF-8
  LC_CTYPE:    en_US.UTF-8
  LC_MESSAGES: en_US.UTF-8
  LC_MONETARY: en_US.UTF-8
  LC_NUMERIC:  en_US.UTF-8
  LC_TIME:     en_US.UTF-8
The default text search configuration will be set to "english".

Data page checksums are disabled.

fixing permissions on existing directory /var/lib/postgresql/data ... ok
initdb: error: could not create directory "/var/lib/postgresql/data/pg_wal": No space left on device
initdb: removing contents of data directory "/var/lib/postgresql/data"
The files belonging to this database system will be owned by user "postgres".
This user must also own the server process.

Using language tag "en-US" for ICU locale "en_US.UTF-8".
The database cluster will be initialized with this locale configuration:
  locale provider:   icu
  default collation: en-US
  LC_COLLATE:  en_US.UTF-8
  LC_CTYPE:    en_US.UTF-8
  LC_MESSAGES: en_US.UTF-8
  LC_MONETARY: en_US.UTF-8
  LC_NUMERIC:  en_US.UTF-8
  LC_TIME:     en_US.UTF-8
The default text search configuration will be set to "english".

Data page checksums are disabled.

fixing permissions on existing directory /var/lib/postgresql/data ... ok
initdb: error: could not create directory "/var/lib/postgresql/data/pg_wal": No space left on device
initdb: removing contents of data directory "/var/lib/postgresql/data"
The files belonging to this database system will be owned by user "postgres".
This user must also own the server process.

Using language tag "en-US" for ICU locale "en_US.UTF-8".
The database cluster will be initialized with this locale configuration:
  locale provider:   icu
  default collation: en-US
  LC_COLLATE:  en_US.UTF-8
  LC_CTYPE:    en_US.UTF-8
  LC_MESSAGES: en_US.UTF-8
  LC_MONETARY: en_US.UTF-8
  LC_NUMERIC:  en_US.UTF-8
  LC_TIME:     en_US.UTF-8
The default text search configuration will be set to "english".

Data page checksums are disabled.

fixing permissions on existing directory /var/lib/postgresql/data ... ok
initdb: error: could not create directory "/var/lib/postgresql/data/pg_wal": No space left on device
initdb: removing contents of data directory "/var/lib/postgresql/data"
The files belonging to this database system will be owned by user "postgres".
This user must also own the server process.

Using language tag "en-US" for ICU locale "en_US.UTF-8".
The database cluster will be initialized with this locale configuration:
  locale provider:   icu
  default collation: en-US
  LC_COLLATE:  en_US.UTF-8
  LC_CTYPE:    en_US.UTF-8
  LC_MESSAGES: en_US.UTF-8
  LC_MONETARY: en_US.UTF-8
  LC_NUMERIC:  en_US.UTF-8
  LC_TIME:     en_US.UTF-8
The default text search configuration will be set to "english".

Data page checksums are disabled.

fixing permissions on existing directory /var/lib/postgresql/data ... ok
initdb: error: could not create directory "/var/lib/postgresql/data/pg_wal": No space left on device
initdb: removing contents of data directory "/var/lib/postgresql/data"
The files belonging to this database system will be owned by user "postgres".
This user must also own the server process.

Using language tag "en-US" for ICU locale "en_US.UTF-8".
The database cluster will be initialized with this locale configuration:
  locale provider:   icu
  default collation: en-US
  LC_COLLATE:  en_US.UTF-8
  LC_CTYPE:    en_US.UTF-8
  LC_MESSAGES: en_US.UTF-8
  LC_MONETARY: en_US.UTF-8
  LC_NUMERIC:  en_US.UTF-8
  LC_TIME:     en_US.UTF-8
The default text search configuration will be set to "english".

Data page checksums are disabled.

fixing permissions on existing directory /var/lib/postgresql/data ... ok
initdb: error: could not create directory "/var/lib/postgresql/data/pg_wal": No space left on device
initdb: removing contents of data directory "/var/lib/postgresql/data"
Stopping containers...
supabase_db_devbuddy-frontend container is not ready: unhealthy
Try rerunning the command with --debug to troubleshoot the error.
